This file contains any messages produced by compilers while
running configure, to aid debugging if configure makes a mistake.

It was created by sleuthkit configure 4.11.1, which was
generated by GNU Autoconf 2.69.  Invocation command line was

  $ configure --disable-java --disable-multithreading --without-afflib --without-libewf --without-libvhdi --without-libvmdk --without-zlib

## --------- ##
## Platform. ##
## --------- ##

hostname = beyond.dominion
uname -m = x86_64
uname -r = 5.14.16-201.fc34.x86_64
uname -s = Linux
uname -v = #1 SMP Wed Nov 3 13:57:29 UTC 2021

/usr/bin/uname -p = x86_64
/bin/uname -X     = unknown

/bin/arch              = x86_64
/usr/bin/arch -k       = unknown
/usr/convex/getsysinfo = unknown
/usr/bin/hostinfo      = unknown
/bin/machine           = unknown
/usr/bin/oslevel       = unknown
/bin/universe          = unknown

PATH: /usr/share/Modules/bin
PATH: /usr/local/bin
PATH: /usr/local/sbin
PATH: /usr/bin
PATH: /usr/sbin
PATH: /home/lordyesta/.local/bin
PATH: /home/lordyesta/bin


## ----------- ##
## Core tests. ##
## ----------- ##

configure:2840: checking for a BSD-compatible install
configure:2908: result: /usr/bin/install -c
configure:2919: checking whether build environment is sane
configure:2974: result: yes
configure:3125: checking for a thread-safe mkdir -p
configure:3164: result: /usr/bin/mkdir -p
configure:3171: checking for gawk
configure:3187: found /usr/bin/gawk
configure:3198: result: gawk
configure:3209: checking whether make sets $(MAKE)
configure:3231: result: yes
configure:3260: checking whether make supports nested variables
configure:3277: result: yes
configure:3366: checking whether UID '1000' is supported by ustar format
configure:3369: result: yes
configure:3376: checking whether GID '1000' is supported by ustar format
configure:3379: result: yes
configure:3387: checking how to create a ustar tar archive
configure:3398: tar --version
tar (GNU tar) 1.34
Copyright (C) 2021 Free Software Foundation, Inc.
License GPLv3+: GNU GPL version 3 or later <https://gnu.org/licenses/gpl.html>.
This is free software: you are free to change and redistribute it.
There is NO WARRANTY, to the extent permitted by law.

Written by John Gilmore and Jay Fenlason.
configure:3401: $? = 0
configure:3441: tardir=conftest.dir && eval tar --format=ustar -chf - "$tardir" >conftest.tar
configure:3444: $? = 0
configure:3448: tar -xf - <conftest.tar
configure:3451: $? = 0
configure:3453: cat conftest.dir/file
GrepMe
configure:3456: $? = 0
configure:3469: result: gnutar
configure:3553: checking for cppunit-config
configure:3584: result: no
configure:3594: checking for Cppunit - version >= 1.12.1
configure:3598: result: no
configure:3697: checking build system type
configure:3711: result: x86_64-pc-linux-gnu
configure:3731: checking host system type
configure:3744: result: x86_64-pc-linux-gnu
configure:3785: checking how to print strings
configure:3812: result: printf
configure:3837: checking whether make supports the include directive
configure:3852: make -f confmf.GNU && cat confinc.out
this is the am__doit target
configure:3855: $? = 0
configure:3874: result: yes (GNU style)
configure:3944: checking for gcc
configure:3960: found /usr/bin/gcc
configure:3971: result: gcc
configure:4200: checking for C compiler version
configure:4209: gcc --version >&5
gcc (GCC) 11.2.1 20210728 (Red Hat 11.2.1-1)
Copyright (C) 2021 Free Software Foundation, Inc.
This is free software; see the source for copying conditions.  There is NO
warranty; not even for MERCHANTABILITY or FITNESS FOR A PARTICULAR PURPOSE.

configure:4220: $? = 0
configure:4209: gcc -v >&5
Using built-in specs.
COLLECT_GCC=gcc
COLLECT_LTO_WRAPPER=/usr/libexec/gcc/x86_64-redhat-linux/11/lto-wrapper
OFFLOAD_TARGET_NAMES=nvptx-none
OFFLOAD_TARGET_DEFAULT=1
Target: x86_64-redhat-linux
Configured with: ../configure --enable-bootstrap --enable-languages=c,c++,fortran,objc,obj-c++,ada,go,d,lto --prefix=/usr --mandir=/usr/share/man --infodir=/usr/share/info --with-bugurl=http://bugzilla.redhat.com/bugzilla --enable-shared --enable-threads=posix --enable-checking=release --enable-multilib --with-system-zlib --enable-__cxa_atexit --disable-libunwind-exceptions --enable-gnu-unique-object --enable-linker-build-id --with-gcc-major-version-only --with-linker-hash-style=gnu --enable-plugin --enable-initfini-array --with-isl=/builddir/build/BUILD/gcc-11.2.1-20210728/obj-x86_64-redhat-linux/isl-install --enable-offload-targets=nvptx-none --without-cuda-driver --enable-gnu-indirect-function --enable-cet --with-tune=generic --with-arch_32=i686 --build=x86_64-redhat-linux --with-build-config=bootstrap-lto --enable-link-serialization=1
Thread model: posix
Supported LTO compression algorithms: zlib zstd
gcc version 11.2.1 20210728 (Red Hat 11.2.1-1) (GCC) 
... rest of stderr output deleted ...
configure:4220: $? = 0
configure:4209: gcc -V >&5
gcc: error: unrecognized command-line option '-V'
gcc: fatal error: no input files
compilation terminated.
configure:4220: $? = 1
configure:4209: gcc -qversion >&5
gcc: error: unrecognized command-line option '-qversion'; did you mean '--version'?
gcc: fatal error: no input files
compilation terminated.
configure:4220: $? = 1
configure:4240: checking whether the C compiler works
configure:4262: gcc    conftest.c  >&5
configure:4266: $? = 0
configure:4314: result: yes
configure:4317: checking for C compiler default output file name
configure:4319: result: a.out
configure:4325: checking for suffix of executables
configure:4332: gcc -o conftest    conftest.c  >&5
configure:4336: $? = 0
configure:4358: result: 
configure:4380: checking whether we are cross compiling
configure:4388: gcc -o conftest    conftest.c  >&5
configure:4392: $? = 0
configure:4399: ./conftest
configure:4403: $? = 0
configure:4418: result: no
configure:4423: checking for suffix of object files
configure:4445: gcc -c   conftest.c >&5
configure:4449: $? = 0
configure:4470: result: o
configure:4474: checking whether we are using the GNU C compiler
configure:4493: gcc -c   conftest.c >&5
configure:4493: $? = 0
configure:4502: result: yes
configure:4511: checking whether gcc accepts -g
configure:4531: gcc -c -g  conftest.c >&5
configure:4531: $? = 0
configure:4572: result: yes
configure:4589: checking for gcc option to accept ISO C89
configure:4652: gcc  -c -g -O2  conftest.c >&5
configure:4652: $? = 0
configure:4665: result: none needed
configure:4690: checking whether gcc understands -c and -o together
configure:4712: gcc -c conftest.c -o conftest2.o
configure:4715: $? = 0
configure:4712: gcc -c conftest.c -o conftest2.o
configure:4715: $? = 0
configure:4727: result: yes
configure:4746: checking dependency style of gcc
configure:4857: result: gcc3
configure:4872: checking for a sed that does not truncate output
configure:4936: result: /usr/bin/sed
configure:4954: checking for grep that handles long lines and -e
configure:5012: result: /usr/bin/grep
configure:5017: checking for egrep
configure:5079: result: /usr/bin/grep -E
configure:5084: checking for fgrep
configure:5146: result: /usr/bin/grep -F
configure:5181: checking for ld used by gcc
configure:5248: result: /usr/bin/ld
configure:5255: checking if the linker (/usr/bin/ld) is GNU ld
configure:5270: result: yes
configure:5282: checking for BSD- or MS-compatible name lister (nm)
configure:5336: result: /usr/bin/nm -B
configure:5466: checking the name lister (/usr/bin/nm -B) interface
configure:5473: gcc -c -g -O2  conftest.c >&5
configure:5476: /usr/bin/nm -B "conftest.o"
configure:5479: output
0000000000000000 B some_variable
configure:5486: result: BSD nm
configure:5489: checking whether ln -s works
configure:5493: result: yes
configure:5501: checking the maximum length of command line arguments
configure:5632: result: 1572864
configure:5680: checking how to convert x86_64-pc-linux-gnu file names to x86_64-pc-linux-gnu format
configure:5720: result: func_convert_file_noop
configure:5727: checking how to convert x86_64-pc-linux-gnu file names to toolchain format
configure:5747: result: func_convert_file_noop
configure:5754: checking for /usr/bin/ld option to reload object files
configure:5761: result: -r
configure:5835: checking for objdump
configure:5851: found /usr/bin/objdump
configure:5862: result: objdump
configure:5894: checking how to recognize dependent libraries
configure:6094: result: pass_all
configure:6179: checking for dlltool
configure:6209: result: no
configure:6239: checking how to associate runtime and link libraries
configure:6266: result: printf %s\n
configure:6327: checking for ar
configure:6343: found /usr/bin/ar
configure:6354: result: ar
configure:6391: checking for archiver @FILE support
configure:6408: gcc -c -g -O2  conftest.c >&5
configure:6408: $? = 0
configure:6411: ar cru libconftest.a @conftest.lst >&5
configure:6414: $? = 0
configure:6419: ar cru libconftest.a @conftest.lst >&5
ar: conftest.o: No such file or directory
configure:6422: $? = 1
configure:6434: result: @
configure:6492: checking for strip
configure:6508: found /usr/bin/strip
configure:6519: result: strip
configure:6591: checking for ranlib
configure:6607: found /usr/bin/ranlib
configure:6618: result: ranlib
configure:6720: checking command to parse /usr/bin/nm -B output from gcc object
configure:6873: gcc -c -g -O2  conftest.c >&5
configure:6876: $? = 0
configure:6880: /usr/bin/nm -B conftest.o \| sed -n -e 's/^.*[ ]\([ABCDGIRSTW][ABCDGIRSTW]*\)[ ][ ]*\([_A-Za-z][_A-Za-z0-9]*\)$/\1 \2 \2/p' | sed '/ __gnu_lto/d' \> conftest.nm
configure:6883: $? = 0
configure:6949: gcc -o conftest -g -O2   conftest.c conftstm.o >&5
configure:6952: $? = 0
configure:6990: result: ok
configure:7037: checking for sysroot
configure:7067: result: no
configure:7074: checking for a working dd
configure:7112: result: /usr/bin/dd
configure:7116: checking how to truncate binary pipes
configure:7131: result: /usr/bin/dd bs=4096 count=1
configure:7267: gcc -c -g -O2  conftest.c >&5
configure:7270: $? = 0
configure:7460: checking for mt
configure:7490: result: no
configure:7510: checking if : is a manifest tool
configure:7516: : '-?'
configure:7524: result: no
configure:8201: checking how to run the C preprocessor
configure:8232: gcc -E  conftest.c
configure:8232: $? = 0
configure:8246: gcc -E  conftest.c
conftest.c:11:10: fatal error: ac_nonexistent.h: No such file or directory
   11 | #include <ac_nonexistent.h>
      |          ^~~~~~~~~~~~~~~~~~
compilation terminated.
configure:8246: $? = 1
configure: failed program was:
| /* confdefs.h */
| #define PACKAGE_NAME "sleuthkit"
| #define PACKAGE_TARNAME "sleuthkit"
| #define PACKAGE_VERSION "4.11.1"
| #define PACKAGE_STRING "sleuthkit 4.11.1"
| #define PACKAGE_BUGREPORT ""
| #define PACKAGE_URL ""
| #define PACKAGE "sleuthkit"
| #define VERSION "4.11.1"
| /* end confdefs.h.  */
| #include <ac_nonexistent.h>
configure:8271: result: gcc -E
configure:8291: gcc -E  conftest.c
configure:8291: $? = 0
configure:8305: gcc -E  conftest.c
conftest.c:11:10: fatal error: ac_nonexistent.h: No such file or directory
   11 | #include <ac_nonexistent.h>
      |          ^~~~~~~~~~~~~~~~~~
compilation terminated.
configure:8305: $? = 1
configure: failed program was:
| /* confdefs.h */
| #define PACKAGE_NAME "sleuthkit"
| #define PACKAGE_TARNAME "sleuthkit"
| #define PACKAGE_VERSION "4.11.1"
| #define PACKAGE_STRING "sleuthkit 4.11.1"
| #define PACKAGE_BUGREPORT ""
| #define PACKAGE_URL ""
| #define PACKAGE "sleuthkit"
| #define VERSION "4.11.1"
| /* end confdefs.h.  */
| #include <ac_nonexistent.h>
configure:8334: checking for ANSI C header files
configure:8354: gcc -c -g -O2  conftest.c >&5
configure:8354: $? = 0
configure:8427: gcc -o conftest -g -O2   conftest.c  >&5
configure:8427: $? = 0
configure:8427: ./conftest
configure:8427: $? = 0
configure:8438: result: yes
configure:8451: checking for sys/types.h
configure:8451: gcc -c -g -O2  conftest.c >&5
configure:8451: $? = 0
configure:8451: result: yes
configure:8451: checking for sys/stat.h
configure:8451: gcc -c -g -O2  conftest.c >&5
configure:8451: $? = 0
configure:8451: result: yes
configure:8451: checking for stdlib.h
configure:8451: gcc -c -g -O2  conftest.c >&5
configure:8451: $? = 0
configure:8451: result: yes
configure:8451: checking for string.h
configure:8451: gcc -c -g -O2  conftest.c >&5
configure:8451: $? = 0
configure:8451: result: yes
configure:8451: checking for memory.h
configure:8451: gcc -c -g -O2  conftest.c >&5
configure:8451: $? = 0
configure:8451: result: yes
configure:8451: checking for strings.h
configure:8451: gcc -c -g -O2  conftest.c >&5
configure:8451: $? = 0
configure:8451: result: yes
configure:8451: checking for inttypes.h
configure:8451: gcc -c -g -O2  conftest.c >&5
configure:8451: $? = 0
configure:8451: result: yes
configure:8451: checking for stdint.h
configure:8451: gcc -c -g -O2  conftest.c >&5
configure:8451: $? = 0
configure:8451: result: yes
configure:8451: checking for unistd.h
configure:8451: gcc -c -g -O2  conftest.c >&5
configure:8451: $? = 0
configure:8451: result: yes
configure:8465: checking for dlfcn.h
configure:8465: gcc -c -g -O2  conftest.c >&5
configure:8465: $? = 0
configure:8465: result: yes
configure:8721: checking for objdir
configure:8736: result: .libs
configure:8996: checking if gcc supports -fno-rtti -fno-exceptions
configure:9014: gcc -c -g -O2  -fno-rtti -fno-exceptions conftest.c >&5
cc1: warning: command-line option '-fno-rtti' is valid for C++/D/ObjC++ but not for C
configure:9018: $? = 0
configure:9031: result: no
configure:9389: checking for gcc option to produce PIC
configure:9396: result: -fPIC -DPIC
configure:9404: checking if gcc PIC flag -fPIC -DPIC works
configure:9422: gcc -c -g -O2  -fPIC -DPIC -DPIC conftest.c >&5
configure:9426: $? = 0
configure:9439: result: yes
configure:9468: checking if gcc static flag -static works
configure:9496: result: yes
configure:9511: checking if gcc supports -c -o file.o
configure:9532: gcc -c -g -O2  -o out/conftest2.o conftest.c >&5
configure:9536: $? = 0
configure:9558: result: yes
configure:9566: checking if gcc supports -c -o file.o
configure:9613: result: yes
configure:9646: checking whether the gcc linker (/usr/bin/ld -m elf_x86_64) supports shared libraries
configure:10905: result: yes
configure:10942: checking whether -lc should be explicitly linked in
configure:10950: gcc -c -g -O2  conftest.c >&5
configure:10953: $? = 0
configure:10968: gcc -shared  -fPIC -DPIC conftest.o  -v -Wl,-soname -Wl,conftest -o conftest 2\>\&1 \| /usr/bin/grep  -lc  \>/dev/null 2\>\&1
configure:10971: $? = 0
configure:10985: result: no
configure:11145: checking dynamic linker characteristics
configure:11726: gcc -o conftest -g -O2   -Wl,-rpath -Wl,/foo conftest.c  >&5
configure:11726: $? = 0
configure:11966: result: GNU/Linux ld.so
configure:12088: checking how to hardcode library paths into programs
configure:12113: result: immediate
configure:12661: checking whether stripping libraries is possible
configure:12666: result: yes
configure:12701: checking if libtool supports shared libraries
configure:12703: result: yes
configure:12706: checking whether to build shared libraries
configure:12731: result: yes
configure:12734: checking whether to build static libraries
configure:12738: result: yes
configure:12776: checking whether to enable maintainer-specific portions of Makefiles
configure:12785: result: no
configure:12858: checking for g++
configure:12874: found /usr/bin/g++
configure:12885: result: g++
configure:12912: checking for C++ compiler version
configure:12921: g++ --version >&5
g++ (GCC) 11.2.1 20210728 (Red Hat 11.2.1-1)
Copyright (C) 2021 Free Software Foundation, Inc.
This is free software; see the source for copying conditions.  There is NO
warranty; not even for MERCHANTABILITY or FITNESS FOR A PARTICULAR PURPOSE.

configure:12932: $? = 0
configure:12921: g++ -v >&5
Using built-in specs.
COLLECT_GCC=g++
COLLECT_LTO_WRAPPER=/usr/libexec/gcc/x86_64-redhat-linux/11/lto-wrapper
OFFLOAD_TARGET_NAMES=nvptx-none
OFFLOAD_TARGET_DEFAULT=1
Target: x86_64-redhat-linux
Configured with: ../configure --enable-bootstrap --enable-languages=c,c++,fortran,objc,obj-c++,ada,go,d,lto --prefix=/usr --mandir=/usr/share/man --infodir=/usr/share/info --with-bugurl=http://bugzilla.redhat.com/bugzilla --enable-shared --enable-threads=posix --enable-checking=release --enable-multilib --with-system-zlib --enable-__cxa_atexit --disable-libunwind-exceptions --enable-gnu-unique-object --enable-linker-build-id --with-gcc-major-version-only --with-linker-hash-style=gnu --enable-plugin --enable-initfini-array --with-isl=/builddir/build/BUILD/gcc-11.2.1-20210728/obj-x86_64-redhat-linux/isl-install --enable-offload-targets=nvptx-none --without-cuda-driver --enable-gnu-indirect-function --enable-cet --with-tune=generic --with-arch_32=i686 --build=x86_64-redhat-linux --with-build-config=bootstrap-lto --enable-link-serialization=1
Thread model: posix
Supported LTO compression algorithms: zlib zstd
gcc version 11.2.1 20210728 (Red Hat 11.2.1-1) (GCC) 
... rest of stderr output deleted ...
configure:12932: $? = 0
configure:12921: g++ -V >&5
g++: error: unrecognized command-line option '-V'
g++: fatal error: no input files
compilation terminated.
configure:12932: $? = 1
configure:12921: g++ -qversion >&5
g++: error: unrecognized command-line option '-qversion'; did you mean '--version'?
g++: fatal error: no input files
compilation terminated.
configure:12932: $? = 1
configure:12936: checking whether we are using the GNU C++ compiler
configure:12955: g++ -c   conftest.cpp >&5
configure:12955: $? = 0
configure:12964: result: yes
configure:12973: checking whether g++ accepts -g
configure:12993: g++ -c -g  conftest.cpp >&5
configure:12993: $? = 0
configure:13034: result: yes
configure:13059: checking dependency style of g++
configure:13170: result: gcc3
configure:13203: checking how to run the C++ preprocessor
configure:13230: g++ -E  conftest.cpp
configure:13230: $? = 0
configure:13244: g++ -E  conftest.cpp
conftest.cpp:23:10: fatal error: ac_nonexistent.h: No such file or directory
   23 | #include <ac_nonexistent.h>
      |          ^~~~~~~~~~~~~~~~~~
compilation terminated.
configure:13244: $? = 1
configure: failed program was:
| /* confdefs.h */
| #define PACKAGE_NAME "sleuthkit"
| #define PACKAGE_TARNAME "sleuthkit"
| #define PACKAGE_VERSION "4.11.1"
| #define PACKAGE_STRING "sleuthkit 4.11.1"
| #define PACKAGE_BUGREPORT ""
| #define PACKAGE_URL ""
| #define PACKAGE "sleuthkit"
| #define VERSION "4.11.1"
| #define STDC_HEADERS 1
| #define HAVE_SYS_TYPES_H 1
| #define HAVE_SYS_STAT_H 1
| #define HAVE_STDLIB_H 1
| #define HAVE_STRING_H 1
| #define HAVE_MEMORY_H 1
| #define HAVE_STRINGS_H 1
| #define HAVE_INTTYPES_H 1
| #define HAVE_STDINT_H 1
| #define HAVE_UNISTD_H 1
| #define HAVE_DLFCN_H 1
| #define LT_OBJDIR ".libs/"
| /* end confdefs.h.  */
| #include <ac_nonexistent.h>
configure:13269: result: g++ -E
configure:13289: g++ -E  conftest.cpp
configure:13289: $? = 0
configure:13303: g++ -E  conftest.cpp
conftest.cpp:23:10: fatal error: ac_nonexistent.h: No such file or directory
   23 | #include <ac_nonexistent.h>
      |          ^~~~~~~~~~~~~~~~~~
compilation terminated.
configure:13303: $? = 1
configure: failed program was:
| /* confdefs.h */
| #define PACKAGE_NAME "sleuthkit"
| #define PACKAGE_TARNAME "sleuthkit"
| #define PACKAGE_VERSION "4.11.1"
| #define PACKAGE_STRING "sleuthkit 4.11.1"
| #define PACKAGE_BUGREPORT ""
| #define PACKAGE_URL ""
| #define PACKAGE "sleuthkit"
| #define VERSION "4.11.1"
| #define STDC_HEADERS 1
| #define HAVE_SYS_TYPES_H 1
| #define HAVE_SYS_STAT_H 1
| #define HAVE_STDLIB_H 1
| #define HAVE_STRING_H 1
| #define HAVE_MEMORY_H 1
| #define HAVE_STRINGS_H 1
| #define HAVE_INTTYPES_H 1
| #define HAVE_STDINT_H 1
| #define HAVE_UNISTD_H 1
| #define HAVE_DLFCN_H 1
| #define LT_OBJDIR ".libs/"
| /* end confdefs.h.  */
| #include <ac_nonexistent.h>
configure:13465: checking for ld used by g++
configure:13532: result: /usr/bin/ld -m elf_x86_64
configure:13539: checking if the linker (/usr/bin/ld -m elf_x86_64) is GNU ld
configure:13554: result: yes
configure:13609: checking whether the g++ linker (/usr/bin/ld -m elf_x86_64) supports shared libraries
configure:14682: result: yes
configure:14718: g++ -c -g -O2  conftest.cpp >&5
configure:14721: $? = 0
configure:15202: checking for g++ option to produce PIC
configure:15209: result: -fPIC -DPIC
configure:15217: checking if g++ PIC flag -fPIC -DPIC works
configure:15235: g++ -c -g -O2  -fPIC -DPIC -DPIC conftest.cpp >&5
configure:15239: $? = 0
configure:15252: result: yes
configure:15275: checking if g++ static flag -static works
configure:15303: result: yes
configure:15315: checking if g++ supports -c -o file.o
configure:15336: g++ -c -g -O2  -o out/conftest2.o conftest.cpp >&5
configure:15340: $? = 0
configure:15362: result: yes
configure:15367: checking if g++ supports -c -o file.o
configure:15414: result: yes
configure:15444: checking whether the g++ linker (/usr/bin/ld -m elf_x86_64) supports shared libraries
configure:15484: result: yes
configure:15625: checking dynamic linker characteristics
configure:16373: result: GNU/Linux ld.so
configure:16438: checking how to hardcode library paths into programs
configure:16463: result: immediate
configure:16517: checking whether g++ supports C++14 features with -std=c++14
configure:16935: g++ -std=c++14 -c -g -O2  conftest.cpp >&5
configure:16935: $? = 0
configure:16944: result: yes
configure:17031: checking for gcc
configure:17058: result: gcc
configure:17287: checking for C compiler version
configure:17296: gcc --version >&5
gcc (GCC) 11.2.1 20210728 (Red Hat 11.2.1-1)
Copyright (C) 2021 Free Software Foundation, Inc.
This is free software; see the source for copying conditions.  There is NO
warranty; not even for MERCHANTABILITY or FITNESS FOR A PARTICULAR PURPOSE.

configure:17307: $? = 0
configure:17296: gcc -v >&5
Using built-in specs.
COLLECT_GCC=gcc
COLLECT_LTO_WRAPPER=/usr/libexec/gcc/x86_64-redhat-linux/11/lto-wrapper
OFFLOAD_TARGET_NAMES=nvptx-none
OFFLOAD_TARGET_DEFAULT=1
Target: x86_64-redhat-linux
Configured with: ../configure --enable-bootstrap --enable-languages=c,c++,fortran,objc,obj-c++,ada,go,d,lto --prefix=/usr --mandir=/usr/share/man --infodir=/usr/share/info --with-bugurl=http://bugzilla.redhat.com/bugzilla --enable-shared --enable-threads=posix --enable-checking=release --enable-multilib --with-system-zlib --enable-__cxa_atexit --disable-libunwind-exceptions --enable-gnu-unique-object --enable-linker-build-id --with-gcc-major-version-only --with-linker-hash-style=gnu --enable-plugin --enable-initfini-array --with-isl=/builddir/build/BUILD/gcc-11.2.1-20210728/obj-x86_64-redhat-linux/isl-install --enable-offload-targets=nvptx-none --without-cuda-driver --enable-gnu-indirect-function --enable-cet --with-tune=generic --with-arch_32=i686 --build=x86_64-redhat-linux --with-build-config=bootstrap-lto --enable-link-serialization=1
Thread model: posix
Supported LTO compression algorithms: zlib zstd
gcc version 11.2.1 20210728 (Red Hat 11.2.1-1) (GCC) 
... rest of stderr output deleted ...
configure:17307: $? = 0
configure:17296: gcc -V >&5
gcc: error: unrecognized command-line option '-V'
gcc: fatal error: no input files
compilation terminated.
configure:17307: $? = 1
configure:17296: gcc -qversion >&5
gcc: error: unrecognized command-line option '-qversion'; did you mean '--version'?
gcc: fatal error: no input files
compilation terminated.
configure:17307: $? = 1
configure:17311: checking whether we are using the GNU C compiler
configure:17339: result: yes
configure:17348: checking whether gcc accepts -g
configure:17409: result: yes
configure:17426: checking for gcc option to accept ISO C89
configure:17502: result: none needed
configure:17527: checking whether gcc understands -c and -o together
configure:17564: result: yes
configure:17583: checking dependency style of gcc
configure:17694: result: gcc3
configure:17714: checking how to run the C preprocessor
configure:17784: result: gcc -E
configure:17804: gcc -E  conftest.c
configure:17804: $? = 0
configure:17818: gcc -E  conftest.c
conftest.c:24:10: fatal error: ac_nonexistent.h: No such file or directory
   24 | #include <ac_nonexistent.h>
      |          ^~~~~~~~~~~~~~~~~~
compilation terminated.
configure:17818: $? = 1
configure: failed program was:
| /* confdefs.h */
| #define PACKAGE_NAME "sleuthkit"
| #define PACKAGE_TARNAME "sleuthkit"
| #define PACKAGE_VERSION "4.11.1"
| #define PACKAGE_STRING "sleuthkit 4.11.1"
| #define PACKAGE_BUGREPORT ""
| #define PACKAGE_URL ""
| #define PACKAGE "sleuthkit"
| #define VERSION "4.11.1"
| #define STDC_HEADERS 1
| #define HAVE_SYS_TYPES_H 1
| #define HAVE_SYS_STAT_H 1
| #define HAVE_STDLIB_H 1
| #define HAVE_STRING_H 1
| #define HAVE_MEMORY_H 1
| #define HAVE_STRINGS_H 1
| #define HAVE_INTTYPES_H 1
| #define HAVE_STDINT_H 1
| #define HAVE_UNISTD_H 1
| #define HAVE_DLFCN_H 1
| #define LT_OBJDIR ".libs/"
| #define HAVE_CXX14 1
| /* end confdefs.h.  */
| #include <ac_nonexistent.h>
configure:17847: checking whether ln -s works
configure:17851: result: yes
configure:17858: checking whether make sets $(MAKE)
configure:17880: result: yes
configure:17891: checking for perl
configure:17909: found /usr/bin/perl
configure:17921: result: /usr/bin/perl
configure:17933: checking for pkg-config
configure:17949: found /usr/bin/pkg-config
configure:17961: result: yes
configure:18025: checking for pkg-config
configure:18043: found /usr/bin/pkg-config
configure:18055: result: /usr/bin/pkg-config
configure:18080: checking pkg-config is at least version 0.9.0
configure:18083: result: yes
configure:18101: checking for ANSI C header files
configure:18205: result: yes
configure:18216: checking err.h usability
configure:18216: gcc -c -g -O2  conftest.c >&5
configure:18216: $? = 0
configure:18216: result: yes
configure:18216: checking err.h presence
configure:18216: gcc -E  conftest.c
configure:18216: $? = 0
configure:18216: result: yes
configure:18216: checking for err.h
configure:18216: result: yes
configure:18216: checking for inttypes.h
configure:18216: result: yes
configure:18216: checking for unistd.h
configure:18216: result: yes
configure:18216: checking for stdint.h
configure:18216: result: yes
configure:18216: checking sys/param.h usability
configure:18216: gcc -c -g -O2  conftest.c >&5
configure:18216: $? = 0
configure:18216: result: yes
configure:18216: checking sys/param.h presence
configure:18216: gcc -E  conftest.c
configure:18216: $? = 0
configure:18216: result: yes
configure:18216: checking for sys/param.h
configure:18216: result: yes
configure:18216: checking sys/resource.h usability
configure:18216: gcc -c -g -O2  conftest.c >&5
configure:18216: $? = 0
configure:18216: result: yes
configure:18216: checking sys/resource.h presence
configure:18216: gcc -E  conftest.c
configure:18216: $? = 0
configure:18216: result: yes
configure:18216: checking for sys/resource.h
configure:18216: result: yes
configure:18227: checking for stdbool.h that conforms to C99
configure:18294: gcc -c -g -O2  conftest.c >&5
configure:18294: $? = 0
configure:18301: result: yes
configure:18303: checking for _Bool
configure:18303: gcc -c -g -O2  conftest.c >&5
configure:18303: $? = 0
configure:18303: gcc -c -g -O2  conftest.c >&5
conftest.c: In function 'main':
conftest.c:67:20: error: expected expression before ')' token
   67 | if (sizeof ((_Bool)))
      |                    ^
configure:18303: $? = 1
configure: failed program was:
| /* confdefs.h */
| #define PACKAGE_NAME "sleuthkit"
| #define PACKAGE_TARNAME "sleuthkit"
| #define PACKAGE_VERSION "4.11.1"
| #define PACKAGE_STRING "sleuthkit 4.11.1"
| #define PACKAGE_BUGREPORT ""
| #define PACKAGE_URL ""
| #define PACKAGE "sleuthkit"
| #define VERSION "4.11.1"
| #define STDC_HEADERS 1
| #define HAVE_SYS_TYPES_H 1
| #define HAVE_SYS_STAT_H 1
| #define HAVE_STDLIB_H 1
| #define HAVE_STRING_H 1
| #define HAVE_MEMORY_H 1
| #define HAVE_STRINGS_H 1
| #define HAVE_INTTYPES_H 1
| #define HAVE_STDINT_H 1
| #define HAVE_UNISTD_H 1
| #define HAVE_DLFCN_H 1
| #define LT_OBJDIR ".libs/"
| #define HAVE_CXX14 1
| #define STDC_HEADERS 1
| #define HAVE_ERR_H 1
| #define HAVE_INTTYPES_H 1
| #define HAVE_UNISTD_H 1
| #define HAVE_STDINT_H 1
| #define HAVE_SYS_PARAM_H 1
| #define HAVE_SYS_RESOURCE_H 1
| /* end confdefs.h.  */
| #include <stdio.h>
| #ifdef HAVE_SYS_TYPES_H
| # include <sys/types.h>
| #endif
| #ifdef HAVE_SYS_STAT_H
| # include <sys/stat.h>
| #endif
| #ifdef STDC_HEADERS
| # include <stdlib.h>
| # include <stddef.h>
| #else
| # ifdef HAVE_STDLIB_H
| #  include <stdlib.h>
| # endif
| #endif
| #ifdef HAVE_STRING_H
| # if !defined STDC_HEADERS && defined HAVE_MEMORY_H
| #  include <memory.h>
| # endif
| # include <string.h>
| #endif
| #ifdef HAVE_STRINGS_H
| # include <strings.h>
| #endif
| #ifdef HAVE_INTTYPES_H
| # include <inttypes.h>
| #endif
| #ifdef HAVE_STDINT_H
| # include <stdint.h>
| #endif
| #ifdef HAVE_UNISTD_H
| # include <unistd.h>
| #endif
| int
| main ()
| {
| if (sizeof ((_Bool)))
| 	    return 0;
|   ;
|   return 0;
| }
configure:18303: result: yes
configure:18320: checking for an ANSI C-conforming const
configure:18386: gcc -c -g -O2  conftest.c >&5
configure:18386: $? = 0
configure:18393: result: yes
configure:18401: checking for uid_t in sys/types.h
configure:18420: result: yes
configure:18431: checking for mode_t
configure:18431: gcc -c -g -O2  conftest.c >&5
configure:18431: $? = 0
configure:18431: gcc -c -g -O2  conftest.c >&5
conftest.c: In function 'main':
conftest.c:69:21: error: expected expression before ')' token
   69 | if (sizeof ((mode_t)))
      |                     ^
configure:18431: $? = 1
configure: failed program was:
| /* confdefs.h */
| #define PACKAGE_NAME "sleuthkit"
| #define PACKAGE_TARNAME "sleuthkit"
| #define PACKAGE_VERSION "4.11.1"
| #define PACKAGE_STRING "sleuthkit 4.11.1"
| #define PACKAGE_BUGREPORT ""
| #define PACKAGE_URL ""
| #define PACKAGE "sleuthkit"
| #define VERSION "4.11.1"
| #define STDC_HEADERS 1
| #define HAVE_SYS_TYPES_H 1
| #define HAVE_SYS_STAT_H 1
| #define HAVE_STDLIB_H 1
| #define HAVE_STRING_H 1
| #define HAVE_MEMORY_H 1
| #define HAVE_STRINGS_H 1
| #define HAVE_INTTYPES_H 1
| #define HAVE_STDINT_H 1
| #define HAVE_UNISTD_H 1
| #define HAVE_DLFCN_H 1
| #define LT_OBJDIR ".libs/"
| #define HAVE_CXX14 1
| #define STDC_HEADERS 1
| #define HAVE_ERR_H 1
| #define HAVE_INTTYPES_H 1
| #define HAVE_UNISTD_H 1
| #define HAVE_STDINT_H 1
| #define HAVE_SYS_PARAM_H 1
| #define HAVE_SYS_RESOURCE_H 1
| #define HAVE__BOOL 1
| #define HAVE_STDBOOL_H 1
| /* end confdefs.h.  */
| #include <stdio.h>
| #ifdef HAVE_SYS_TYPES_H
| # include <sys/types.h>
| #endif
| #ifdef HAVE_SYS_STAT_H
| # include <sys/stat.h>
| #endif
| #ifdef STDC_HEADERS
| # include <stdlib.h>
| # include <stddef.h>
| #else
| # ifdef HAVE_STDLIB_H
| #  include <stdlib.h>
| # endif
| #endif
| #ifdef HAVE_STRING_H
| # if !defined STDC_HEADERS && defined HAVE_MEMORY_H
| #  include <memory.h>
| # endif
| # include <string.h>
| #endif
| #ifdef HAVE_STRINGS_H
| # include <strings.h>
| #endif
| #ifdef HAVE_INTTYPES_H
| # include <inttypes.h>
| #endif
| #ifdef HAVE_STDINT_H
| # include <stdint.h>
| #endif
| #ifdef HAVE_UNISTD_H
| # include <unistd.h>
| #endif
| int
| main ()
| {
| if (sizeof ((mode_t)))
| 	    return 0;
|   ;
|   return 0;
| }
configure:18431: result: yes
configure:18442: checking for off_t
configure:18442: gcc -c -g -O2  conftest.c >&5
configure:18442: $? = 0
configure:18442: gcc -c -g -O2  conftest.c >&5
conftest.c: In function 'main':
conftest.c:69:20: error: expected expression before ')' token
   69 | if (sizeof ((off_t)))
      |                    ^
configure:18442: $? = 1
configure: failed program was:
| /* confdefs.h */
| #define PACKAGE_NAME "sleuthkit"
| #define PACKAGE_TARNAME "sleuthkit"
| #define PACKAGE_VERSION "4.11.1"
| #define PACKAGE_STRING "sleuthkit 4.11.1"
| #define PACKAGE_BUGREPORT ""
| #define PACKAGE_URL ""
| #define PACKAGE "sleuthkit"
| #define VERSION "4.11.1"
| #define STDC_HEADERS 1
| #define HAVE_SYS_TYPES_H 1
| #define HAVE_SYS_STAT_H 1
| #define HAVE_STDLIB_H 1
| #define HAVE_STRING_H 1
| #define HAVE_MEMORY_H 1
| #define HAVE_STRINGS_H 1
| #define HAVE_INTTYPES_H 1
| #define HAVE_STDINT_H 1
| #define HAVE_UNISTD_H 1
| #define HAVE_DLFCN_H 1
| #define LT_OBJDIR ".libs/"
| #define HAVE_CXX14 1
| #define STDC_HEADERS 1
| #define HAVE_ERR_H 1
| #define HAVE_INTTYPES_H 1
| #define HAVE_UNISTD_H 1
| #define HAVE_STDINT_H 1
| #define HAVE_SYS_PARAM_H 1
| #define HAVE_SYS_RESOURCE_H 1
| #define HAVE__BOOL 1
| #define HAVE_STDBOOL_H 1
| /* end confdefs.h.  */
| #include <stdio.h>
| #ifdef HAVE_SYS_TYPES_H
| # include <sys/types.h>
| #endif
| #ifdef HAVE_SYS_STAT_H
| # include <sys/stat.h>
| #endif
| #ifdef STDC_HEADERS
| # include <stdlib.h>
| # include <stddef.h>
| #else
| # ifdef HAVE_STDLIB_H
| #  include <stdlib.h>
| # endif
| #endif
| #ifdef HAVE_STRING_H
| # if !defined STDC_HEADERS && defined HAVE_MEMORY_H
| #  include <memory.h>
| # endif
| # include <string.h>
| #endif
| #ifdef HAVE_STRINGS_H
| # include <strings.h>
| #endif
| #ifdef HAVE_INTTYPES_H
| # include <inttypes.h>
| #endif
| #ifdef HAVE_STDINT_H
| # include <stdint.h>
| #endif
| #ifdef HAVE_UNISTD_H
| # include <unistd.h>
| #endif
| int
| main ()
| {
| if (sizeof ((off_t)))
| 	    return 0;
|   ;
|   return 0;
| }
configure:18442: result: yes
configure:18453: checking for size_t
configure:18453: gcc -c -g -O2  conftest.c >&5
configure:18453: $? = 0
configure:18453: gcc -c -g -O2  conftest.c >&5
conftest.c: In function 'main':
conftest.c:69:21: error: expected expression before ')' token
   69 | if (sizeof ((size_t)))
      |                     ^
configure:18453: $? = 1
configure: failed program was:
| /* confdefs.h */
| #define PACKAGE_NAME "sleuthkit"
| #define PACKAGE_TARNAME "sleuthkit"
| #define PACKAGE_VERSION "4.11.1"
| #define PACKAGE_STRING "sleuthkit 4.11.1"
| #define PACKAGE_BUGREPORT ""
| #define PACKAGE_URL ""
| #define PACKAGE "sleuthkit"
| #define VERSION "4.11.1"
| #define STDC_HEADERS 1
| #define HAVE_SYS_TYPES_H 1
| #define HAVE_SYS_STAT_H 1
| #define HAVE_STDLIB_H 1
| #define HAVE_STRING_H 1
| #define HAVE_MEMORY_H 1
| #define HAVE_STRINGS_H 1
| #define HAVE_INTTYPES_H 1
| #define HAVE_STDINT_H 1
| #define HAVE_UNISTD_H 1
| #define HAVE_DLFCN_H 1
| #define LT_OBJDIR ".libs/"
| #define HAVE_CXX14 1
| #define STDC_HEADERS 1
| #define HAVE_ERR_H 1
| #define HAVE_INTTYPES_H 1
| #define HAVE_UNISTD_H 1
| #define HAVE_STDINT_H 1
| #define HAVE_SYS_PARAM_H 1
| #define HAVE_SYS_RESOURCE_H 1
| #define HAVE__BOOL 1
| #define HAVE_STDBOOL_H 1
| /* end confdefs.h.  */
| #include <stdio.h>
| #ifdef HAVE_SYS_TYPES_H
| # include <sys/types.h>
| #endif
| #ifdef HAVE_SYS_STAT_H
| # include <sys/stat.h>
| #endif
| #ifdef STDC_HEADERS
| # include <stdlib.h>
| # include <stddef.h>
| #else
| # ifdef HAVE_STDLIB_H
| #  include <stdlib.h>
| # endif
| #endif
| #ifdef HAVE_STRING_H
| # if !defined STDC_HEADERS && defined HAVE_MEMORY_H
| #  include <memory.h>
| # endif
| # include <string.h>
| #endif
| #ifdef HAVE_STRINGS_H
| # include <strings.h>
| #endif
| #ifdef HAVE_INTTYPES_H
| # include <inttypes.h>
| #endif
| #ifdef HAVE_STDINT_H
| # include <stdint.h>
| #endif
| #ifdef HAVE_UNISTD_H
| # include <unistd.h>
| #endif
| int
| main ()
| {
| if (sizeof ((size_t)))
| 	    return 0;
|   ;
|   return 0;
| }
configure:18453: result: yes
configure:18472: checking for special C compiler options needed for large files
configure:18517: result: no
configure:18523: checking for _FILE_OFFSET_BITS value needed for large files
configure:18548: gcc -c -g -O2  conftest.c >&5
configure:18548: $? = 0
configure:18580: result: no
configure:18668: checking for working alloca.h
configure:18685: gcc -o conftest -g -O2   conftest.c  >&5
configure:18685: $? = 0
configure:18693: result: yes
configure:18701: checking for alloca
configure:18738: gcc -o conftest -g -O2   conftest.c  >&5
configure:18738: $? = 0
configure:18746: result: yes
configure:18852: checking for error_at_line
configure:18868: gcc -o conftest -g -O2   conftest.c  >&5
configure:18868: $? = 0
configure:18876: result: yes
configure:18887: checking for _LARGEFILE_SOURCE value needed for large files
configure:18906: gcc -o conftest -g -O2   conftest.c  >&5
configure:18906: $? = 0
configure:18934: result: no
configure:18956: checking whether gcc needs -traditional
configure:18990: result: no
configure:18997: checking whether lstat correctly handles trailing slash
configure:19023: gcc -o conftest -g -O2   conftest.c  >&5
configure:19023: $? = 0
configure:19023: ./conftest
configure:19023: $? = 0
configure:19040: result: yes
configure:19059: checking whether lstat accepts an empty string
configure:19079: gcc -o conftest -g -O2   conftest.c  >&5
configure:19079: $? = 0
configure:19079: ./conftest
configure:19079: $? = 0
configure:19089: result: no
configure:19105: checking whether lstat correctly handles trailing slash
configure:19148: result: yes
configure:19170: checking sys/select.h usability
configure:19170: gcc -c -g -O2  conftest.c >&5
configure:19170: $? = 0
configure:19170: result: yes
configure:19170: checking sys/select.h presence
configure:19170: gcc -E  conftest.c
configure:19170: $? = 0
configure:19170: result: yes
configure:19170: checking for sys/select.h
configure:19170: result: yes
configure:19170: checking sys/socket.h usability
configure:19170: gcc -c -g -O2  conftest.c >&5
configure:19170: $? = 0
configure:19170: result: yes
configure:19170: checking sys/socket.h presence
configure:19170: gcc -E  conftest.c
configure:19170: $? = 0
configure:19170: result: yes
configure:19170: checking for sys/socket.h
configure:19170: result: yes
configure:19180: checking types of arguments for select
configure:19208: gcc -c -g -O2  conftest.c >&5
configure:19208: $? = 0
configure:19219: result: int,fd_set *,struct timeval *
configure:19248: checking for utime.h
configure:19248: gcc -c -g -O2  conftest.c >&5
configure:19248: $? = 0
configure:19248: result: yes
configure:19262: checking whether utime accepts a null argument
configure:19291: gcc -o conftest -g -O2   conftest.c  >&5
configure:19291: $? = 0
configure:19291: ./conftest
configure:19291: $? = 0
configure:19301: result: yes
configure:19313: checking for vprintf
configure:19313: gcc -o conftest -g -O2   conftest.c  >&5
conftest.c:68:6: warning: conflicting types for built-in function 'vprintf'; expected 'int(const char *, __va_list_tag *)' [-Wbuiltin-declaration-mismatch]
   68 | char vprintf ();
      |      ^~~~~~~
conftest.c:56:1: note: 'vprintf' is declared in header '<stdio.h>'
   55 | # include <limits.h>
   56 | #else
configure:19313: $? = 0
configure:19313: result: yes
configure:19319: checking for _doprnt
configure:19319: gcc -o conftest -g -O2   conftest.c  >&5
/usr/bin/ld: /tmp/ccVTt9RC.o: in function `main':
/home/lordyesta/Projects/pytsk/sleuthkit/conftest.c:80: undefined reference to `_doprnt'
collect2: error: ld returned 1 exit status
configure:19319: $? = 1
configure: failed program was:
| /* confdefs.h */
| #define PACKAGE_NAME "sleuthkit"
| #define PACKAGE_TARNAME "sleuthkit"
| #define PACKAGE_VERSION "4.11.1"
| #define PACKAGE_STRING "sleuthkit 4.11.1"
| #define PACKAGE_BUGREPORT ""
| #define PACKAGE_URL ""
| #define PACKAGE "sleuthkit"
| #define VERSION "4.11.1"
| #define STDC_HEADERS 1
| #define HAVE_SYS_TYPES_H 1
| #define HAVE_SYS_STAT_H 1
| #define HAVE_STDLIB_H 1
| #define HAVE_STRING_H 1
| #define HAVE_MEMORY_H 1
| #define HAVE_STRINGS_H 1
| #define HAVE_INTTYPES_H 1
| #define HAVE_STDINT_H 1
| #define HAVE_UNISTD_H 1
| #define HAVE_DLFCN_H 1
| #define LT_OBJDIR ".libs/"
| #define HAVE_CXX14 1
| #define STDC_HEADERS 1
| #define HAVE_ERR_H 1
| #define HAVE_INTTYPES_H 1
| #define HAVE_UNISTD_H 1
| #define HAVE_STDINT_H 1
| #define HAVE_SYS_PARAM_H 1
| #define HAVE_SYS_RESOURCE_H 1
| #define HAVE__BOOL 1
| #define HAVE_STDBOOL_H 1
| #define HAVE_ALLOCA_H 1
| #define HAVE_ALLOCA 1
| #define HAVE_FSEEKO 1
| #define LSTAT_FOLLOWS_SLASHED_SYMLINK 1
| #define LSTAT_FOLLOWS_SLASHED_SYMLINK 1
| #define HAVE_SYS_SELECT_H 1
| #define HAVE_SYS_SOCKET_H 1
| #define SELECT_TYPE_ARG1 int
| #define SELECT_TYPE_ARG234 (fd_set *)
| #define SELECT_TYPE_ARG5 (struct timeval *)
| #define HAVE_UTIME_H 1
| #define HAVE_UTIME_NULL 1
| #define HAVE_VPRINTF 1
| /* end confdefs.h.  */
| /* Define _doprnt to an innocuous variant, in case <limits.h> declares _doprnt.
|    For example, HP-UX 11i <limits.h> declares gettimeofday.  */
| #define _doprnt innocuous__doprnt
| 
| /* System header to define __stub macros and hopefully few prototypes,
|     which can conflict with char _doprnt (); below.
|     Prefer <limits.h> to <assert.h> if __STDC__ is defined, since
|     <limits.h> exists even on freestanding compilers.  */
| 
| #ifdef __STDC__
| # include <limits.h>
| #else
| # include <assert.h>
| #endif
| 
| #undef _doprnt
| 
| /* Override any GCC internal prototype to avoid an error.
|    Use char because int might match the return type of a GCC
|    builtin and then its argument prototype would still apply.  */
| #ifdef __cplusplus
| extern "C"
| #endif
| char _doprnt ();
| /* The GNU C library defines this for functions which it implements
|     to always fail with ENOSYS.  Some functions are actually named
|     something starting with __ and the normal name is an alias.  */
| #if defined __stub__doprnt || defined __stub____doprnt
| choke me
| #endif
| 
| int
| main ()
| {
| return _doprnt ();
|   ;
|   return 0;
| }
configure:19319: result: no
configure:19333: checking for ishexnumber
configure:19333: gcc -o conftest -g -O2   conftest.c  >&5
/usr/bin/ld: /tmp/ccJwL7D4.o: in function `main':
/home/lordyesta/Projects/pytsk/sleuthkit/conftest.c:80: undefined reference to `ishexnumber'
collect2: error: ld returned 1 exit status
configure:19333: $? = 1
configure: failed program was:
| /* confdefs.h */
| #define PACKAGE_NAME "sleuthkit"
| #define PACKAGE_TARNAME "sleuthkit"
| #define PACKAGE_VERSION "4.11.1"
| #define PACKAGE_STRING "sleuthkit 4.11.1"
| #define PACKAGE_BUGREPORT ""
| #define PACKAGE_URL ""
| #define PACKAGE "sleuthkit"
| #define VERSION "4.11.1"
| #define STDC_HEADERS 1
| #define HAVE_SYS_TYPES_H 1
| #define HAVE_SYS_STAT_H 1
| #define HAVE_STDLIB_H 1
| #define HAVE_STRING_H 1
| #define HAVE_MEMORY_H 1
| #define HAVE_STRINGS_H 1
| #define HAVE_INTTYPES_H 1
| #define HAVE_STDINT_H 1
| #define HAVE_UNISTD_H 1
| #define HAVE_DLFCN_H 1
| #define LT_OBJDIR ".libs/"
| #define HAVE_CXX14 1
| #define STDC_HEADERS 1
| #define HAVE_ERR_H 1
| #define HAVE_INTTYPES_H 1
| #define HAVE_UNISTD_H 1
| #define HAVE_STDINT_H 1
| #define HAVE_SYS_PARAM_H 1
| #define HAVE_SYS_RESOURCE_H 1
| #define HAVE__BOOL 1
| #define HAVE_STDBOOL_H 1
| #define HAVE_ALLOCA_H 1
| #define HAVE_ALLOCA 1
| #define HAVE_FSEEKO 1
| #define LSTAT_FOLLOWS_SLASHED_SYMLINK 1
| #define LSTAT_FOLLOWS_SLASHED_SYMLINK 1
| #define HAVE_SYS_SELECT_H 1
| #define HAVE_SYS_SOCKET_H 1
| #define SELECT_TYPE_ARG1 int
| #define SELECT_TYPE_ARG234 (fd_set *)
| #define SELECT_TYPE_ARG5 (struct timeval *)
| #define HAVE_UTIME_H 1
| #define HAVE_UTIME_NULL 1
| #define HAVE_VPRINTF 1
| /* end confdefs.h.  */
| /* Define ishexnumber to an innocuous variant, in case <limits.h> declares ishexnumber.
|    For example, HP-UX 11i <limits.h> declares gettimeofday.  */
| #define ishexnumber innocuous_ishexnumber
| 
| /* System header to define __stub macros and hopefully few prototypes,
|     which can conflict with char ishexnumber (); below.
|     Prefer <limits.h> to <assert.h> if __STDC__ is defined, since
|     <limits.h> exists even on freestanding compilers.  */
| 
| #ifdef __STDC__
| # include <limits.h>
| #else
| # include <assert.h>
| #endif
| 
| #undef ishexnumber
| 
| /* Override any GCC internal prototype to avoid an error.
|    Use char because int might match the return type of a GCC
|    builtin and then its argument prototype would still apply.  */
| #ifdef __cplusplus
| extern "C"
| #endif
| char ishexnumber ();
| /* The GNU C library defines this for functions which it implements
|     to always fail with ENOSYS.  Some functions are actually named
|     something starting with __ and the normal name is an alias.  */
| #if defined __stub_ishexnumber || defined __stub___ishexnumber
| choke me
| #endif
| 
| int
| main ()
| {
| return ishexnumber ();
|   ;
|   return 0;
| }
configure:19333: result: no
configure:19333: checking for err
configure:19333: gcc -o conftest -g -O2   conftest.c  >&5
configure:19333: $? = 0
configure:19333: result: yes
configure:19333: checking for errx
configure:19333: gcc -o conftest -g -O2   conftest.c  >&5
configure:19333: $? = 0
configure:19333: result: yes
configure:19333: checking for warn
configure:19333: gcc -o conftest -g -O2   conftest.c  >&5
configure:19333: $? = 0
configure:19333: result: yes
configure:19333: checking for warnx
configure:19333: gcc -o conftest -g -O2   conftest.c  >&5
configure:19333: $? = 0
configure:19333: result: yes
configure:19333: checking for vasprintf
configure:19333: gcc -o conftest -g -O2   conftest.c  >&5
configure:19333: $? = 0
configure:19333: result: yes
configure:19333: checking for getrusage
configure:19333: gcc -o conftest -g -O2   conftest.c  >&5
configure:19333: $? = 0
configure:19333: result: yes
configure:19345: checking for strlcpy
configure:19345: gcc -o conftest -g -O2   conftest.c  >&5
/usr/bin/ld: /tmp/ccjadpxI.o: in function `main':
/home/lordyesta/Projects/pytsk/sleuthkit/conftest.c:86: undefined reference to `strlcpy'
collect2: error: ld returned 1 exit status
configure:19345: $? = 1
configure: failed program was:
| /* confdefs.h */
| #define PACKAGE_NAME "sleuthkit"
| #define PACKAGE_TARNAME "sleuthkit"
| #define PACKAGE_VERSION "4.11.1"
| #define PACKAGE_STRING "sleuthkit 4.11.1"
| #define PACKAGE_BUGREPORT ""
| #define PACKAGE_URL ""
| #define PACKAGE "sleuthkit"
| #define VERSION "4.11.1"
| #define STDC_HEADERS 1
| #define HAVE_SYS_TYPES_H 1
| #define HAVE_SYS_STAT_H 1
| #define HAVE_STDLIB_H 1
| #define HAVE_STRING_H 1
| #define HAVE_MEMORY_H 1
| #define HAVE_STRINGS_H 1
| #define HAVE_INTTYPES_H 1
| #define HAVE_STDINT_H 1
| #define HAVE_UNISTD_H 1
| #define HAVE_DLFCN_H 1
| #define LT_OBJDIR ".libs/"
| #define HAVE_CXX14 1
| #define STDC_HEADERS 1
| #define HAVE_ERR_H 1
| #define HAVE_INTTYPES_H 1
| #define HAVE_UNISTD_H 1
| #define HAVE_STDINT_H 1
| #define HAVE_SYS_PARAM_H 1
| #define HAVE_SYS_RESOURCE_H 1
| #define HAVE__BOOL 1
| #define HAVE_STDBOOL_H 1
| #define HAVE_ALLOCA_H 1
| #define HAVE_ALLOCA 1
| #define HAVE_FSEEKO 1
| #define LSTAT_FOLLOWS_SLASHED_SYMLINK 1
| #define LSTAT_FOLLOWS_SLASHED_SYMLINK 1
| #define HAVE_SYS_SELECT_H 1
| #define HAVE_SYS_SOCKET_H 1
| #define SELECT_TYPE_ARG1 int
| #define SELECT_TYPE_ARG234 (fd_set *)
| #define SELECT_TYPE_ARG5 (struct timeval *)
| #define HAVE_UTIME_H 1
| #define HAVE_UTIME_NULL 1
| #define HAVE_VPRINTF 1
| #define HAVE_ERR 1
| #define HAVE_ERRX 1
| #define HAVE_WARN 1
| #define HAVE_WARNX 1
| #define HAVE_VASPRINTF 1
| #define HAVE_GETRUSAGE 1
| /* end confdefs.h.  */
| /* Define strlcpy to an innocuous variant, in case <limits.h> declares strlcpy.
|    For example, HP-UX 11i <limits.h> declares gettimeofday.  */
| #define strlcpy innocuous_strlcpy
| 
| /* System header to define __stub macros and hopefully few prototypes,
|     which can conflict with char strlcpy (); below.
|     Prefer <limits.h> to <assert.h> if __STDC__ is defined, since
|     <limits.h> exists even on freestanding compilers.  */
| 
| #ifdef __STDC__
| # include <limits.h>
| #else
| # include <assert.h>
| #endif
| 
| #undef strlcpy
| 
| /* Override any GCC internal prototype to avoid an error.
|    Use char because int might match the return type of a GCC
|    builtin and then its argument prototype would still apply.  */
| #ifdef __cplusplus
| extern "C"
| #endif
| char strlcpy ();
| /* The GNU C library defines this for functions which it implements
|     to always fail with ENOSYS.  Some functions are actually named
|     something starting with __ and the normal name is an alias.  */
| #if defined __stub_strlcpy || defined __stub___strlcpy
| choke me
| #endif
| 
| int
| main ()
| {
| return strlcpy ();
|   ;
|   return 0;
| }
configure:19345: result: no
configure:19345: checking for strlcat
configure:19345: gcc -o conftest -g -O2   conftest.c  >&5
/usr/bin/ld: /tmp/cceAAchw.o: in function `main':
/home/lordyesta/Projects/pytsk/sleuthkit/conftest.c:86: undefined reference to `strlcat'
collect2: error: ld returned 1 exit status
configure:19345: $? = 1
configure: failed program was:
| /* confdefs.h */
| #define PACKAGE_NAME "sleuthkit"
| #define PACKAGE_TARNAME "sleuthkit"
| #define PACKAGE_VERSION "4.11.1"
| #define PACKAGE_STRING "sleuthkit 4.11.1"
| #define PACKAGE_BUGREPORT ""
| #define PACKAGE_URL ""
| #define PACKAGE "sleuthkit"
| #define VERSION "4.11.1"
| #define STDC_HEADERS 1
| #define HAVE_SYS_TYPES_H 1
| #define HAVE_SYS_STAT_H 1
| #define HAVE_STDLIB_H 1
| #define HAVE_STRING_H 1
| #define HAVE_MEMORY_H 1
| #define HAVE_STRINGS_H 1
| #define HAVE_INTTYPES_H 1
| #define HAVE_STDINT_H 1
| #define HAVE_UNISTD_H 1
| #define HAVE_DLFCN_H 1
| #define LT_OBJDIR ".libs/"
| #define HAVE_CXX14 1
| #define STDC_HEADERS 1
| #define HAVE_ERR_H 1
| #define HAVE_INTTYPES_H 1
| #define HAVE_UNISTD_H 1
| #define HAVE_STDINT_H 1
| #define HAVE_SYS_PARAM_H 1
| #define HAVE_SYS_RESOURCE_H 1
| #define HAVE__BOOL 1
| #define HAVE_STDBOOL_H 1
| #define HAVE_ALLOCA_H 1
| #define HAVE_ALLOCA 1
| #define HAVE_FSEEKO 1
| #define LSTAT_FOLLOWS_SLASHED_SYMLINK 1
| #define LSTAT_FOLLOWS_SLASHED_SYMLINK 1
| #define HAVE_SYS_SELECT_H 1
| #define HAVE_SYS_SOCKET_H 1
| #define SELECT_TYPE_ARG1 int
| #define SELECT_TYPE_ARG234 (fd_set *)
| #define SELECT_TYPE_ARG5 (struct timeval *)
| #define HAVE_UTIME_H 1
| #define HAVE_UTIME_NULL 1
| #define HAVE_VPRINTF 1
| #define HAVE_ERR 1
| #define HAVE_ERRX 1
| #define HAVE_WARN 1
| #define HAVE_WARNX 1
| #define HAVE_VASPRINTF 1
| #define HAVE_GETRUSAGE 1
| /* end confdefs.h.  */
| /* Define strlcat to an innocuous variant, in case <limits.h> declares strlcat.
|    For example, HP-UX 11i <limits.h> declares gettimeofday.  */
| #define strlcat innocuous_strlcat
| 
| /* System header to define __stub macros and hopefully few prototypes,
|     which can conflict with char strlcat (); below.
|     Prefer <limits.h> to <assert.h> if __STDC__ is defined, since
|     <limits.h> exists even on freestanding compilers.  */
| 
| #ifdef __STDC__
| # include <limits.h>
| #else
| # include <assert.h>
| #endif
| 
| #undef strlcat
| 
| /* Override any GCC internal prototype to avoid an error.
|    Use char because int might match the return type of a GCC
|    builtin and then its argument prototype would still apply.  */
| #ifdef __cplusplus
| extern "C"
| #endif
| char strlcat ();
| /* The GNU C library defines this for functions which it implements
|     to always fail with ENOSYS.  Some functions are actually named
|     something starting with __ and the normal name is an alias.  */
| #if defined __stub_strlcat || defined __stub___strlcat
| choke me
| #endif
| 
| int
| main ()
| {
| return strlcat ();
|   ;
|   return 0;
| }
configure:19345: result: no
configure:19524: checking for the pthreads library -lpthreads
configure:19562: gcc -o conftest -g -O2    conftest.c -lpthreads  >&5
/usr/bin/ld: cannot find -lpthreads
collect2: error: ld returned 1 exit status
configure:19562: $? = 1
configure: failed program was:
| /* confdefs.h */
| #define PACKAGE_NAME "sleuthkit"
| #define PACKAGE_TARNAME "sleuthkit"
| #define PACKAGE_VERSION "4.11.1"
| #define PACKAGE_STRING "sleuthkit 4.11.1"
| #define PACKAGE_BUGREPORT ""
| #define PACKAGE_URL ""
| #define PACKAGE "sleuthkit"
| #define VERSION "4.11.1"
| #define STDC_HEADERS 1
| #define HAVE_SYS_TYPES_H 1
| #define HAVE_SYS_STAT_H 1
| #define HAVE_STDLIB_H 1
| #define HAVE_STRING_H 1
| #define HAVE_MEMORY_H 1
| #define HAVE_STRINGS_H 1
| #define HAVE_INTTYPES_H 1
| #define HAVE_STDINT_H 1
| #define HAVE_UNISTD_H 1
| #define HAVE_DLFCN_H 1
| #define LT_OBJDIR ".libs/"
| #define HAVE_CXX14 1
| #define STDC_HEADERS 1
| #define HAVE_ERR_H 1
| #define HAVE_INTTYPES_H 1
| #define HAVE_UNISTD_H 1
| #define HAVE_STDINT_H 1
| #define HAVE_SYS_PARAM_H 1
| #define HAVE_SYS_RESOURCE_H 1
| #define HAVE__BOOL 1
| #define HAVE_STDBOOL_H 1
| #define HAVE_ALLOCA_H 1
| #define HAVE_ALLOCA 1
| #define HAVE_FSEEKO 1
| #define LSTAT_FOLLOWS_SLASHED_SYMLINK 1
| #define LSTAT_FOLLOWS_SLASHED_SYMLINK 1
| #define HAVE_SYS_SELECT_H 1
| #define HAVE_SYS_SOCKET_H 1
| #define SELECT_TYPE_ARG1 int
| #define SELECT_TYPE_ARG234 (fd_set *)
| #define SELECT_TYPE_ARG5 (struct timeval *)
| #define HAVE_UTIME_H 1
| #define HAVE_UTIME_NULL 1
| #define HAVE_VPRINTF 1
| #define HAVE_ERR 1
| #define HAVE_ERRX 1
| #define HAVE_WARN 1
| #define HAVE_WARNX 1
| #define HAVE_VASPRINTF 1
| #define HAVE_GETRUSAGE 1
| /* end confdefs.h.  */
| #include <pthread.h>
| 		     static void routine(void* a) {a=0;}
| 		     static void* start_routine(void* a) {return a;}
| int
| main ()
| {
| pthread_t th; pthread_attr_t attr;
|                      pthread_create(&th,0,start_routine,0);
|                      pthread_join(th, 0);
|                      pthread_attr_init(&attr);
|                      pthread_cleanup_push(routine, 0);
|                      pthread_cleanup_pop(0);
|   ;
|   return 0;
| }
configure:19571: result: no
configure:19469: checking whether pthreads work without any flags
configure:19562: gcc -o conftest -g -O2    conftest.c   >&5
configure:19562: $? = 0
configure:19571: result: yes
configure:19590: checking for joinable pthread attribute
configure:19605: gcc -o conftest -g -O2    conftest.c   >&5
configure:19605: $? = 0
configure:19611: result: PTHREAD_CREATE_JOINABLE
configure:19621: checking if more special flags are required for pthreads
configure:19628: result: no
configure:19747: checking for main in -lstdc++
configure:19766: gcc -o conftest -g -O2   -I/usr/local/include   -L/usr/local/lib conftest.c -lstdc++   >&5
configure:19766: $? = 0
configure:19775: result: yes
configure:19790: checking for list
configure:19790: gcc -c -g -O2   -I/usr/local/include conftest.c >&5
conftest.c:54:13: error: expected '=', ',', ';', 'asm' or '__attribute__' before numeric constant
   54 | as_fn_error 0 "missing STL list class header" "19790" 5
      |             ^
conftest.c:56:10: fatal error: list: No such file or directory
   56 | #include <list>
      |          ^~~~~~
compilation terminated.
configure:19790: $? = 1
configure: failed program was:
| /* confdefs.h */
| #define PACKAGE_NAME "sleuthkit"
| #define PACKAGE_TARNAME "sleuthkit"
| #define PACKAGE_VERSION "4.11.1"
| #define PACKAGE_STRING "sleuthkit 4.11.1"
| #define PACKAGE_BUGREPORT ""
| #define PACKAGE_URL ""
| #define PACKAGE "sleuthkit"
| #define VERSION "4.11.1"
| #define STDC_HEADERS 1
| #define HAVE_SYS_TYPES_H 1
| #define HAVE_SYS_STAT_H 1
| #define HAVE_STDLIB_H 1
| #define HAVE_STRING_H 1
| #define HAVE_MEMORY_H 1
| #define HAVE_STRINGS_H 1
| #define HAVE_INTTYPES_H 1
| #define HAVE_STDINT_H 1
| #define HAVE_UNISTD_H 1
| #define HAVE_DLFCN_H 1
| #define LT_OBJDIR ".libs/"
| #define HAVE_CXX14 1
| #define STDC_HEADERS 1
| #define HAVE_ERR_H 1
| #define HAVE_INTTYPES_H 1
| #define HAVE_UNISTD_H 1
| #define HAVE_STDINT_H 1
| #define HAVE_SYS_PARAM_H 1
| #define HAVE_SYS_RESOURCE_H 1
| #define HAVE__BOOL 1
| #define HAVE_STDBOOL_H 1
| #define HAVE_ALLOCA_H 1
| #define HAVE_ALLOCA 1
| #define HAVE_FSEEKO 1
| #define LSTAT_FOLLOWS_SLASHED_SYMLINK 1
| #define LSTAT_FOLLOWS_SLASHED_SYMLINK 1
| #define HAVE_SYS_SELECT_H 1
| #define HAVE_SYS_SOCKET_H 1
| #define SELECT_TYPE_ARG1 int
| #define SELECT_TYPE_ARG234 (fd_set *)
| #define SELECT_TYPE_ARG5 (struct timeval *)
| #define HAVE_UTIME_H 1
| #define HAVE_UTIME_NULL 1
| #define HAVE_VPRINTF 1
| #define HAVE_ERR 1
| #define HAVE_ERRX 1
| #define HAVE_WARN 1
| #define HAVE_WARNX 1
| #define HAVE_VASPRINTF 1
| #define HAVE_GETRUSAGE 1
| #define HAVE_PTHREAD 1
| #define HAVE_LIBSTDC__ 1
| /* end confdefs.h.  */
| as_fn_error 0 "missing STL list class header" "19790" 5
| 
| #include <list>
configure:19790: result: no
configure:19803: checking for map
configure:19803: gcc -c -g -O2   -I/usr/local/include conftest.c >&5
conftest.c:54:13: error: expected '=', ',', ';', 'asm' or '__attribute__' before numeric constant
   54 | as_fn_error 0 "missing STL map class header" "19803" 5
      |             ^
conftest.c:56:10: fatal error: map: No such file or directory
   56 | #include <map>
      |          ^~~~~
compilation terminated.
configure:19803: $? = 1
configure: failed program was:
| /* confdefs.h */
| #define PACKAGE_NAME "sleuthkit"
| #define PACKAGE_TARNAME "sleuthkit"
| #define PACKAGE_VERSION "4.11.1"
| #define PACKAGE_STRING "sleuthkit 4.11.1"
| #define PACKAGE_BUGREPORT ""
| #define PACKAGE_URL ""
| #define PACKAGE "sleuthkit"
| #define VERSION "4.11.1"
| #define STDC_HEADERS 1
| #define HAVE_SYS_TYPES_H 1
| #define HAVE_SYS_STAT_H 1
| #define HAVE_STDLIB_H 1
| #define HAVE_STRING_H 1
| #define HAVE_MEMORY_H 1
| #define HAVE_STRINGS_H 1
| #define HAVE_INTTYPES_H 1
| #define HAVE_STDINT_H 1
| #define HAVE_UNISTD_H 1
| #define HAVE_DLFCN_H 1
| #define LT_OBJDIR ".libs/"
| #define HAVE_CXX14 1
| #define STDC_HEADERS 1
| #define HAVE_ERR_H 1
| #define HAVE_INTTYPES_H 1
| #define HAVE_UNISTD_H 1
| #define HAVE_STDINT_H 1
| #define HAVE_SYS_PARAM_H 1
| #define HAVE_SYS_RESOURCE_H 1
| #define HAVE__BOOL 1
| #define HAVE_STDBOOL_H 1
| #define HAVE_ALLOCA_H 1
| #define HAVE_ALLOCA 1
| #define HAVE_FSEEKO 1
| #define LSTAT_FOLLOWS_SLASHED_SYMLINK 1
| #define LSTAT_FOLLOWS_SLASHED_SYMLINK 1
| #define HAVE_SYS_SELECT_H 1
| #define HAVE_SYS_SOCKET_H 1
| #define SELECT_TYPE_ARG1 int
| #define SELECT_TYPE_ARG234 (fd_set *)
| #define SELECT_TYPE_ARG5 (struct timeval *)
| #define HAVE_UTIME_H 1
| #define HAVE_UTIME_NULL 1
| #define HAVE_VPRINTF 1
| #define HAVE_ERR 1
| #define HAVE_ERRX 1
| #define HAVE_WARN 1
| #define HAVE_WARNX 1
| #define HAVE_VASPRINTF 1
| #define HAVE_GETRUSAGE 1
| #define HAVE_PTHREAD 1
| #define HAVE_LIBSTDC__ 1
| /* end confdefs.h.  */
| as_fn_error 0 "missing STL map class header" "19803" 5
| 
| #include <map>
configure:19803: result: no
configure:19816: checking for queue
configure:19816: gcc -c -g -O2   -I/usr/local/include conftest.c >&5
conftest.c:54:13: error: expected '=', ',', ';', 'asm' or '__attribute__' before numeric constant
   54 | as_fn_error 0 "missing STL queue class header" "19816" 5
      |             ^
conftest.c:56:10: fatal error: queue: No such file or directory
   56 | #include <queue>
      |          ^~~~~~~
compilation terminated.
configure:19816: $? = 1
configure: failed program was:
| /* confdefs.h */
| #define PACKAGE_NAME "sleuthkit"
| #define PACKAGE_TARNAME "sleuthkit"
| #define PACKAGE_VERSION "4.11.1"
| #define PACKAGE_STRING "sleuthkit 4.11.1"
| #define PACKAGE_BUGREPORT ""
| #define PACKAGE_URL ""
| #define PACKAGE "sleuthkit"
| #define VERSION "4.11.1"
| #define STDC_HEADERS 1
| #define HAVE_SYS_TYPES_H 1
| #define HAVE_SYS_STAT_H 1
| #define HAVE_STDLIB_H 1
| #define HAVE_STRING_H 1
| #define HAVE_MEMORY_H 1
| #define HAVE_STRINGS_H 1
| #define HAVE_INTTYPES_H 1
| #define HAVE_STDINT_H 1
| #define HAVE_UNISTD_H 1
| #define HAVE_DLFCN_H 1
| #define LT_OBJDIR ".libs/"
| #define HAVE_CXX14 1
| #define STDC_HEADERS 1
| #define HAVE_ERR_H 1
| #define HAVE_INTTYPES_H 1
| #define HAVE_UNISTD_H 1
| #define HAVE_STDINT_H 1
| #define HAVE_SYS_PARAM_H 1
| #define HAVE_SYS_RESOURCE_H 1
| #define HAVE__BOOL 1
| #define HAVE_STDBOOL_H 1
| #define HAVE_ALLOCA_H 1
| #define HAVE_ALLOCA 1
| #define HAVE_FSEEKO 1
| #define LSTAT_FOLLOWS_SLASHED_SYMLINK 1
| #define LSTAT_FOLLOWS_SLASHED_SYMLINK 1
| #define HAVE_SYS_SELECT_H 1
| #define HAVE_SYS_SOCKET_H 1
| #define SELECT_TYPE_ARG1 int
| #define SELECT_TYPE_ARG234 (fd_set *)
| #define SELECT_TYPE_ARG5 (struct timeval *)
| #define HAVE_UTIME_H 1
| #define HAVE_UTIME_NULL 1
| #define HAVE_VPRINTF 1
| #define HAVE_ERR 1
| #define HAVE_ERRX 1
| #define HAVE_WARN 1
| #define HAVE_WARNX 1
| #define HAVE_VASPRINTF 1
| #define HAVE_GETRUSAGE 1
| #define HAVE_PTHREAD 1
| #define HAVE_LIBSTDC__ 1
| /* end confdefs.h.  */
| as_fn_error 0 "missing STL queue class header" "19816" 5
| 
| #include <queue>
configure:19816: result: no
configure:19829: checking for set
configure:19829: gcc -c -g -O2   -I/usr/local/include conftest.c >&5
conftest.c:54:13: error: expected '=', ',', ';', 'asm' or '__attribute__' before numeric constant
   54 | as_fn_error 0 "missing STL set class header" "19829" 5
      |             ^
conftest.c:56:10: fatal error: set: No such file or directory
   56 | #include <set>
      |          ^~~~~
compilation terminated.
configure:19829: $? = 1
configure: failed program was:
| /* confdefs.h */
| #define PACKAGE_NAME "sleuthkit"
| #define PACKAGE_TARNAME "sleuthkit"
| #define PACKAGE_VERSION "4.11.1"
| #define PACKAGE_STRING "sleuthkit 4.11.1"
| #define PACKAGE_BUGREPORT ""
| #define PACKAGE_URL ""
| #define PACKAGE "sleuthkit"
| #define VERSION "4.11.1"
| #define STDC_HEADERS 1
| #define HAVE_SYS_TYPES_H 1
| #define HAVE_SYS_STAT_H 1
| #define HAVE_STDLIB_H 1
| #define HAVE_STRING_H 1
| #define HAVE_MEMORY_H 1
| #define HAVE_STRINGS_H 1
| #define HAVE_INTTYPES_H 1
| #define HAVE_STDINT_H 1
| #define HAVE_UNISTD_H 1
| #define HAVE_DLFCN_H 1
| #define LT_OBJDIR ".libs/"
| #define HAVE_CXX14 1
| #define STDC_HEADERS 1
| #define HAVE_ERR_H 1
| #define HAVE_INTTYPES_H 1
| #define HAVE_UNISTD_H 1
| #define HAVE_STDINT_H 1
| #define HAVE_SYS_PARAM_H 1
| #define HAVE_SYS_RESOURCE_H 1
| #define HAVE__BOOL 1
| #define HAVE_STDBOOL_H 1
| #define HAVE_ALLOCA_H 1
| #define HAVE_ALLOCA 1
| #define HAVE_FSEEKO 1
| #define LSTAT_FOLLOWS_SLASHED_SYMLINK 1
| #define LSTAT_FOLLOWS_SLASHED_SYMLINK 1
| #define HAVE_SYS_SELECT_H 1
| #define HAVE_SYS_SOCKET_H 1
| #define SELECT_TYPE_ARG1 int
| #define SELECT_TYPE_ARG234 (fd_set *)
| #define SELECT_TYPE_ARG5 (struct timeval *)
| #define HAVE_UTIME_H 1
| #define HAVE_UTIME_NULL 1
| #define HAVE_VPRINTF 1
| #define HAVE_ERR 1
| #define HAVE_ERRX 1
| #define HAVE_WARN 1
| #define HAVE_WARNX 1
| #define HAVE_VASPRINTF 1
| #define HAVE_GETRUSAGE 1
| #define HAVE_PTHREAD 1
| #define HAVE_LIBSTDC__ 1
| /* end confdefs.h.  */
| as_fn_error 0 "missing STL set class header" "19829" 5
| 
| #include <set>
configure:19829: result: no
configure:19842: checking for stack
configure:19842: gcc -c -g -O2   -I/usr/local/include conftest.c >&5
conftest.c:54:13: error: expected '=', ',', ';', 'asm' or '__attribute__' before numeric constant
   54 | as_fn_error 0 "missing STL stack class header" "19842" 5
      |             ^
conftest.c:56:10: fatal error: stack: No such file or directory
   56 | #include <stack>
      |          ^~~~~~~
compilation terminated.
configure:19842: $? = 1
configure: failed program was:
| /* confdefs.h */
| #define PACKAGE_NAME "sleuthkit"
| #define PACKAGE_TARNAME "sleuthkit"
| #define PACKAGE_VERSION "4.11.1"
| #define PACKAGE_STRING "sleuthkit 4.11.1"
| #define PACKAGE_BUGREPORT ""
| #define PACKAGE_URL ""
| #define PACKAGE "sleuthkit"
| #define VERSION "4.11.1"
| #define STDC_HEADERS 1
| #define HAVE_SYS_TYPES_H 1
| #define HAVE_SYS_STAT_H 1
| #define HAVE_STDLIB_H 1
| #define HAVE_STRING_H 1
| #define HAVE_MEMORY_H 1
| #define HAVE_STRINGS_H 1
| #define HAVE_INTTYPES_H 1
| #define HAVE_STDINT_H 1
| #define HAVE_UNISTD_H 1
| #define HAVE_DLFCN_H 1
| #define LT_OBJDIR ".libs/"
| #define HAVE_CXX14 1
| #define STDC_HEADERS 1
| #define HAVE_ERR_H 1
| #define HAVE_INTTYPES_H 1
| #define HAVE_UNISTD_H 1
| #define HAVE_STDINT_H 1
| #define HAVE_SYS_PARAM_H 1
| #define HAVE_SYS_RESOURCE_H 1
| #define HAVE__BOOL 1
| #define HAVE_STDBOOL_H 1
| #define HAVE_ALLOCA_H 1
| #define HAVE_ALLOCA 1
| #define HAVE_FSEEKO 1
| #define LSTAT_FOLLOWS_SLASHED_SYMLINK 1
| #define LSTAT_FOLLOWS_SLASHED_SYMLINK 1
| #define HAVE_SYS_SELECT_H 1
| #define HAVE_SYS_SOCKET_H 1
| #define SELECT_TYPE_ARG1 int
| #define SELECT_TYPE_ARG234 (fd_set *)
| #define SELECT_TYPE_ARG5 (struct timeval *)
| #define HAVE_UTIME_H 1
| #define HAVE_UTIME_NULL 1
| #define HAVE_VPRINTF 1
| #define HAVE_ERR 1
| #define HAVE_ERRX 1
| #define HAVE_WARN 1
| #define HAVE_WARNX 1
| #define HAVE_VASPRINTF 1
| #define HAVE_GETRUSAGE 1
| #define HAVE_PTHREAD 1
| #define HAVE_LIBSTDC__ 1
| /* end confdefs.h.  */
| as_fn_error 0 "missing STL stack class header" "19842" 5
| 
| #include <stack>
configure:19842: result: no
configure:19855: checking for streambuf
configure:19855: gcc -c -g -O2   -I/usr/local/include conftest.c >&5
conftest.c:54:13: error: expected '=', ',', ';', 'asm' or '__attribute__' before numeric constant
   54 | as_fn_error 0 "missing STL streambuf class header" "19855" 5
      |             ^
conftest.c:56:10: fatal error: streambuf: No such file or directory
   56 | #include <streambuf>
      |          ^~~~~~~~~~~
compilation terminated.
configure:19855: $? = 1
configure: failed program was:
| /* confdefs.h */
| #define PACKAGE_NAME "sleuthkit"
| #define PACKAGE_TARNAME "sleuthkit"
| #define PACKAGE_VERSION "4.11.1"
| #define PACKAGE_STRING "sleuthkit 4.11.1"
| #define PACKAGE_BUGREPORT ""
| #define PACKAGE_URL ""
| #define PACKAGE "sleuthkit"
| #define VERSION "4.11.1"
| #define STDC_HEADERS 1
| #define HAVE_SYS_TYPES_H 1
| #define HAVE_SYS_STAT_H 1
| #define HAVE_STDLIB_H 1
| #define HAVE_STRING_H 1
| #define HAVE_MEMORY_H 1
| #define HAVE_STRINGS_H 1
| #define HAVE_INTTYPES_H 1
| #define HAVE_STDINT_H 1
| #define HAVE_UNISTD_H 1
| #define HAVE_DLFCN_H 1
| #define LT_OBJDIR ".libs/"
| #define HAVE_CXX14 1
| #define STDC_HEADERS 1
| #define HAVE_ERR_H 1
| #define HAVE_INTTYPES_H 1
| #define HAVE_UNISTD_H 1
| #define HAVE_STDINT_H 1
| #define HAVE_SYS_PARAM_H 1
| #define HAVE_SYS_RESOURCE_H 1
| #define HAVE__BOOL 1
| #define HAVE_STDBOOL_H 1
| #define HAVE_ALLOCA_H 1
| #define HAVE_ALLOCA 1
| #define HAVE_FSEEKO 1
| #define LSTAT_FOLLOWS_SLASHED_SYMLINK 1
| #define LSTAT_FOLLOWS_SLASHED_SYMLINK 1
| #define HAVE_SYS_SELECT_H 1
| #define HAVE_SYS_SOCKET_H 1
| #define SELECT_TYPE_ARG1 int
| #define SELECT_TYPE_ARG234 (fd_set *)
| #define SELECT_TYPE_ARG5 (struct timeval *)
| #define HAVE_UTIME_H 1
| #define HAVE_UTIME_NULL 1
| #define HAVE_VPRINTF 1
| #define HAVE_ERR 1
| #define HAVE_ERRX 1
| #define HAVE_WARN 1
| #define HAVE_WARNX 1
| #define HAVE_VASPRINTF 1
| #define HAVE_GETRUSAGE 1
| #define HAVE_PTHREAD 1
| #define HAVE_LIBSTDC__ 1
| /* end confdefs.h.  */
| as_fn_error 0 "missing STL streambuf class header" "19855" 5
| 
| #include <streambuf>
configure:19855: result: no
configure:19868: checking for string
configure:19868: gcc -c -g -O2   -I/usr/local/include conftest.c >&5
conftest.c:54:13: error: expected '=', ',', ';', 'asm' or '__attribute__' before numeric constant
   54 | as_fn_error 0 "missing STL string class header" "19868" 5
      |             ^
conftest.c:56:10: fatal error: string: No such file or directory
   56 | #include <string>
      |          ^~~~~~~~
compilation terminated.
configure:19868: $? = 1
configure: failed program was:
| /* confdefs.h */
| #define PACKAGE_NAME "sleuthkit"
| #define PACKAGE_TARNAME "sleuthkit"
| #define PACKAGE_VERSION "4.11.1"
| #define PACKAGE_STRING "sleuthkit 4.11.1"
| #define PACKAGE_BUGREPORT ""
| #define PACKAGE_URL ""
| #define PACKAGE "sleuthkit"
| #define VERSION "4.11.1"
| #define STDC_HEADERS 1
| #define HAVE_SYS_TYPES_H 1
| #define HAVE_SYS_STAT_H 1
| #define HAVE_STDLIB_H 1
| #define HAVE_STRING_H 1
| #define HAVE_MEMORY_H 1
| #define HAVE_STRINGS_H 1
| #define HAVE_INTTYPES_H 1
| #define HAVE_STDINT_H 1
| #define HAVE_UNISTD_H 1
| #define HAVE_DLFCN_H 1
| #define LT_OBJDIR ".libs/"
| #define HAVE_CXX14 1
| #define STDC_HEADERS 1
| #define HAVE_ERR_H 1
| #define HAVE_INTTYPES_H 1
| #define HAVE_UNISTD_H 1
| #define HAVE_STDINT_H 1
| #define HAVE_SYS_PARAM_H 1
| #define HAVE_SYS_RESOURCE_H 1
| #define HAVE__BOOL 1
| #define HAVE_STDBOOL_H 1
| #define HAVE_ALLOCA_H 1
| #define HAVE_ALLOCA 1
| #define HAVE_FSEEKO 1
| #define LSTAT_FOLLOWS_SLASHED_SYMLINK 1
| #define LSTAT_FOLLOWS_SLASHED_SYMLINK 1
| #define HAVE_SYS_SELECT_H 1
| #define HAVE_SYS_SOCKET_H 1
| #define SELECT_TYPE_ARG1 int
| #define SELECT_TYPE_ARG234 (fd_set *)
| #define SELECT_TYPE_ARG5 (struct timeval *)
| #define HAVE_UTIME_H 1
| #define HAVE_UTIME_NULL 1
| #define HAVE_VPRINTF 1
| #define HAVE_ERR 1
| #define HAVE_ERRX 1
| #define HAVE_WARN 1
| #define HAVE_WARNX 1
| #define HAVE_VASPRINTF 1
| #define HAVE_GETRUSAGE 1
| #define HAVE_PTHREAD 1
| #define HAVE_LIBSTDC__ 1
| /* end confdefs.h.  */
| as_fn_error 0 "missing STL string class header" "19868" 5
| 
| #include <string>
configure:19868: result: no
configure:19881: checking for vector
configure:19881: gcc -c -g -O2   -I/usr/local/include conftest.c >&5
conftest.c:54:13: error: expected '=', ',', ';', 'asm' or '__attribute__' before numeric constant
   54 | as_fn_error 0 "missing STL vector class header" "19881" 5
      |             ^
conftest.c:56:10: fatal error: vector: No such file or directory
   56 | #include <vector>
      |          ^~~~~~~~
compilation terminated.
configure:19881: $? = 1
configure: failed program was:
| /* confdefs.h */
| #define PACKAGE_NAME "sleuthkit"
| #define PACKAGE_TARNAME "sleuthkit"
| #define PACKAGE_VERSION "4.11.1"
| #define PACKAGE_STRING "sleuthkit 4.11.1"
| #define PACKAGE_BUGREPORT ""
| #define PACKAGE_URL ""
| #define PACKAGE "sleuthkit"
| #define VERSION "4.11.1"
| #define STDC_HEADERS 1
| #define HAVE_SYS_TYPES_H 1
| #define HAVE_SYS_STAT_H 1
| #define HAVE_STDLIB_H 1
| #define HAVE_STRING_H 1
| #define HAVE_MEMORY_H 1
| #define HAVE_STRINGS_H 1
| #define HAVE_INTTYPES_H 1
| #define HAVE_STDINT_H 1
| #define HAVE_UNISTD_H 1
| #define HAVE_DLFCN_H 1
| #define LT_OBJDIR ".libs/"
| #define HAVE_CXX14 1
| #define STDC_HEADERS 1
| #define HAVE_ERR_H 1
| #define HAVE_INTTYPES_H 1
| #define HAVE_UNISTD_H 1
| #define HAVE_STDINT_H 1
| #define HAVE_SYS_PARAM_H 1
| #define HAVE_SYS_RESOURCE_H 1
| #define HAVE__BOOL 1
| #define HAVE_STDBOOL_H 1
| #define HAVE_ALLOCA_H 1
| #define HAVE_ALLOCA 1
| #define HAVE_FSEEKO 1
| #define LSTAT_FOLLOWS_SLASHED_SYMLINK 1
| #define LSTAT_FOLLOWS_SLASHED_SYMLINK 1
| #define HAVE_SYS_SELECT_H 1
| #define HAVE_SYS_SOCKET_H 1
| #define SELECT_TYPE_ARG1 int
| #define SELECT_TYPE_ARG234 (fd_set *)
| #define SELECT_TYPE_ARG5 (struct timeval *)
| #define HAVE_UTIME_H 1
| #define HAVE_UTIME_NULL 1
| #define HAVE_VPRINTF 1
| #define HAVE_ERR 1
| #define HAVE_ERRX 1
| #define HAVE_WARN 1
| #define HAVE_WARNX 1
| #define HAVE_VASPRINTF 1
| #define HAVE_GETRUSAGE 1
| #define HAVE_PTHREAD 1
| #define HAVE_LIBSTDC__ 1
| /* end confdefs.h.  */
| as_fn_error 0 "missing STL vector class header" "19881" 5
| 
| #include <vector>
configure:19881: result: no
configure:19906: checking for SQLITE3
configure:19913: $PKG_CONFIG --exists --print-errors " sqlite3"
configure:19916: $? = 0
configure:19930: $PKG_CONFIG --exists --print-errors " sqlite3"
configure:19933: $? = 0
configure:19979: result: yes
configure:19996: checking for dlopen in -ldl
configure:20021: gcc -o conftest -g -O2    -I/usr/local/include   -L/usr/local/lib conftest.c -ldl  -lstdc++  -lsqlite3  >&5
configure:20021: $? = 0
configure:20030: result: yes
configure:20044: checking sqlite3.h usability
configure:20044: gcc -c -g -O2    -I/usr/local/include conftest.c >&5
configure:20044: $? = 0
configure:20044: result: yes
configure:20044: checking sqlite3.h presence
configure:20044: gcc -E   -I/usr/local/include conftest.c
configure:20044: $? = 0
configure:20044: result: yes
configure:20044: checking for sqlite3.h
configure:20044: result: yes
configure:20049: checking for sqlite3_open in -lsqlite3
configure:20074: gcc -o conftest -g -O2    -I/usr/local/include   -L/usr/local/lib conftest.c -lsqlite3  -ldl -lstdc++  -lsqlite3  >&5
configure:20074: $? = 0
configure:20083: result: yes
configure:20102: checking which sqlite3 to use
configure:20105: result: system
configure:21202: checking for CPPUNIT
configure:21209: $PKG_CONFIG --exists --print-errors " cppunit >= 1.12.1"
configure:21212: $? = 0
configure:21226: $PKG_CONFIG --exists --print-errors " cppunit >= 1.12.1"
configure:21229: $? = 0
configure:21267: result: yes
configure:21429: checking for TestRunner in -lcppunit
configure:21454: g++ -std=c++14 -o conftest -g -O2    -I/usr/local/include -lcppunit  conftest.cpp -lsqlite3 -ldl -lstdc++  -lsqlite3  >&5
configure:21454: $? = 0
configure:21471: result: yes
configure:22215: checking if libtool needs -no-undefined flag to build shared libraries
configure:22225: result: no
configure:22232: checking for getline
configure:22232: gcc -o conftest -g -O2    -I/usr/local/include   -L/usr/local/lib conftest.c -lsqlite3 -ldl -lstdc++  -lsqlite3  >&5
configure:22232: $? = 0
configure:22232: result: yes
configure:22241: checking for library containing regexec
configure:22272: gcc -o conftest -g -O2    -I/usr/local/include   -L/usr/local/lib conftest.c -lsqlite3 -ldl -lstdc++  -lsqlite3  >&5
configure:22272: $? = 0
configure:22289: result: none required
configure:22415: checking that generated files are newer than configure
configure:22421: result: done
configure:22476: creating ./config.status

## ---------------------- ##
## Running config.status. ##
## ---------------------- ##

This file was extended by sleuthkit config.status 4.11.1, which was
generated by GNU Autoconf 2.69.  Invocation command line was

  CONFIG_FILES    = 
  CONFIG_HEADERS  = 
  CONFIG_LINKS    = 
  CONFIG_COMMANDS = 
  $ ./config.status 

on beyond.dominion

config.status:1244: creating Makefile
config.status:1244: creating tsk/Makefile
config.status:1244: creating tsk/base/Makefile
config.status:1244: creating tsk/img/Makefile
config.status:1244: creating tsk/vs/Makefile
config.status:1244: creating tsk/fs/Makefile
config.status:1244: creating tsk/pool/Makefile
config.status:1244: creating tsk/util/Makefile
config.status:1244: creating tsk/tsk_config.h
config.status:1473: executing depfiles commands
config.status:1550: cd tsk/base       && sed -e '/# am--include-marker/d' Makefile         | make -f - am--depfiles
config.status:1555: $? = 0
config.status:1550: cd tsk/img       && sed -e '/# am--include-marker/d' Makefile         | make -f - am--depfiles
config.status:1555: $? = 0
config.status:1550: cd tsk/vs       && sed -e '/# am--include-marker/d' Makefile         | make -f - am--depfiles
config.status:1555: $? = 0
config.status:1550: cd tsk/fs       && sed -e '/# am--include-marker/d' Makefile         | make -f - am--depfiles
config.status:1555: $? = 0
config.status:1550: cd tsk/pool       && sed -e '/# am--include-marker/d' Makefile         | make -f - am--depfiles
config.status:1555: $? = 0
config.status:1550: cd tsk/util       && sed -e '/# am--include-marker/d' Makefile         | make -f - am--depfiles
config.status:1555: $? = 0
config.status:1473: executing libtool commands
config.status:1473: executing tsk/tsk_incs.h commands
configure:24935:
Building:
   afflib support:                        no
   libewf support:                        no
   zlib support:                          no

   libvhdi support:                       no
   libvmdk support:                       no
Features:
   Java/JNI support:                      no
   Multithreading:                        no


## ---------------- ##
## Cache variables. ##
## ---------------- ##

ac_cv_build=x86_64-pc-linux-gnu
ac_cv_c_compiler_gnu=yes
ac_cv_c_const=yes
ac_cv_cppunit=yes
ac_cv_cxx_compiler_gnu=yes
ac_cv_env_CCC_set=
ac_cv_env_CCC_value=
ac_cv_env_CC_set=
ac_cv_env_CC_value=
ac_cv_env_CFLAGS_set=
ac_cv_env_CFLAGS_value=
ac_cv_env_CPPFLAGS_set=
ac_cv_env_CPPFLAGS_value=
ac_cv_env_CPPUNIT_CFLAGS_set=
ac_cv_env_CPPUNIT_CFLAGS_value=
ac_cv_env_CPPUNIT_LIBS_set=
ac_cv_env_CPPUNIT_LIBS_value=
ac_cv_env_CPP_set=
ac_cv_env_CPP_value=
ac_cv_env_CXXCPP_set=
ac_cv_env_CXXCPP_value=
ac_cv_env_CXXFLAGS_set=
ac_cv_env_CXXFLAGS_value=
ac_cv_env_CXX_set=
ac_cv_env_CXX_value=
ac_cv_env_EWF_CFLAGS_set=
ac_cv_env_EWF_CFLAGS_value=
ac_cv_env_EWF_LIBS_set=
ac_cv_env_EWF_LIBS_value=
ac_cv_env_LDFLAGS_set=
ac_cv_env_LDFLAGS_value=
ac_cv_env_LIBS_set=
ac_cv_env_LIBS_value=
ac_cv_env_LT_SYS_LIBRARY_PATH_set=
ac_cv_env_LT_SYS_LIBRARY_PATH_value=
ac_cv_env_PKG_CONFIG_LIBDIR_set=
ac_cv_env_PKG_CONFIG_LIBDIR_value=
ac_cv_env_PKG_CONFIG_PATH_set=
ac_cv_env_PKG_CONFIG_PATH_value=
ac_cv_env_PKG_CONFIG_set=
ac_cv_env_PKG_CONFIG_value=
ac_cv_env_SQLITE3_CFLAGS_set=
ac_cv_env_SQLITE3_CFLAGS_value=
ac_cv_env_SQLITE3_LIBS_set=
ac_cv_env_SQLITE3_LIBS_value=
ac_cv_env_VHDI_CFLAGS_set=
ac_cv_env_VHDI_CFLAGS_value=
ac_cv_env_VHDI_LIBS_set=
ac_cv_env_VHDI_LIBS_value=
ac_cv_env_VMDK_CFLAGS_set=
ac_cv_env_VMDK_CFLAGS_value=
ac_cv_env_VMDK_LIBS_set=
ac_cv_env_VMDK_LIBS_value=
ac_cv_env_ZLIB_CFLAGS_set=
ac_cv_env_ZLIB_CFLAGS_value=
ac_cv_env_ZLIB_LIBS_set=
ac_cv_env_ZLIB_LIBS_value=
ac_cv_env_build_alias_set=
ac_cv_env_build_alias_value=
ac_cv_env_host_alias_set=
ac_cv_env_host_alias_value=
ac_cv_env_target_alias_set=
ac_cv_env_target_alias_value=
ac_cv_func__doprnt=no
ac_cv_func_alloca_works=yes
ac_cv_func_err=yes
ac_cv_func_errx=yes
ac_cv_func_getline=yes
ac_cv_func_getrusage=yes
ac_cv_func_ishexnumber=no
ac_cv_func_lstat_dereferences_slashed_symlink=yes
ac_cv_func_lstat_empty_string_bug=no
ac_cv_func_select_args='int,fd_set *,struct timeval *'
ac_cv_func_strlcat=no
ac_cv_func_strlcpy=no
ac_cv_func_utime_null=yes
ac_cv_func_vasprintf=yes
ac_cv_func_vprintf=yes
ac_cv_func_warn=yes
ac_cv_func_warnx=yes
ac_cv_header_dlfcn_h=yes
ac_cv_header_err_h=yes
ac_cv_header_inttypes_h=yes
ac_cv_header_list=no
ac_cv_header_map=no
ac_cv_header_memory_h=yes
ac_cv_header_queue=no
ac_cv_header_set=no
ac_cv_header_sqlite3_h=yes
ac_cv_header_stack=no
ac_cv_header_stdbool_h=yes
ac_cv_header_stdc=yes
ac_cv_header_stdint_h=yes
ac_cv_header_stdlib_h=yes
ac_cv_header_streambuf=no
ac_cv_header_string=no
ac_cv_header_string_h=yes
ac_cv_header_strings_h=yes
ac_cv_header_sys_param_h=yes
ac_cv_header_sys_resource_h=yes
ac_cv_header_sys_select_h=yes
ac_cv_header_sys_socket_h=yes
ac_cv_header_sys_stat_h=yes
ac_cv_header_sys_types_h=yes
ac_cv_header_unistd_h=yes
ac_cv_header_utime_h=yes
ac_cv_header_vector=no
ac_cv_host=x86_64-pc-linux-gnu
ac_cv_lib_dl_dlopen=yes
ac_cv_lib_error_at_line=yes
ac_cv_lib_sqlite3_sqlite3_open=yes
ac_cv_lib_stdcpp_main=yes
ac_cv_objext=o
ac_cv_path_CPPUNIT_CONFIG=no
ac_cv_path_EGREP='/usr/bin/grep -E'
ac_cv_path_FGREP='/usr/bin/grep -F'
ac_cv_path_GREP=/usr/bin/grep
ac_cv_path_PERL=/usr/bin/perl
ac_cv_path_SED=/usr/bin/sed
ac_cv_path_ac_pt_PKG_CONFIG=/usr/bin/pkg-config
ac_cv_path_install='/usr/bin/install -c'
ac_cv_path_lt_DD=/usr/bin/dd
ac_cv_path_mkdir=/usr/bin/mkdir
ac_cv_prog_AWK=gawk
ac_cv_prog_CPP='gcc -E'
ac_cv_prog_CXXCPP='g++ -E'
ac_cv_prog_PKGCONFIG=yes
ac_cv_prog_ac_ct_AR=ar
ac_cv_prog_ac_ct_CC=gcc
ac_cv_prog_ac_ct_CXX=g++
ac_cv_prog_ac_ct_OBJDUMP=objdump
ac_cv_prog_ac_ct_RANLIB=ranlib
ac_cv_prog_ac_ct_STRIP=strip
ac_cv_prog_cc_c89=
ac_cv_prog_cc_g=yes
ac_cv_prog_cxx_g=yes
ac_cv_prog_gcc_traditional=no
ac_cv_prog_make_make_set=yes
ac_cv_search_regexec='none required'
ac_cv_sys_file_offset_bits=no
ac_cv_sys_largefile_CC=no
ac_cv_sys_largefile_source=no
ac_cv_type__Bool=yes
ac_cv_type_mode_t=yes
ac_cv_type_off_t=yes
ac_cv_type_size_t=yes
ac_cv_type_uid_t=yes
ac_cv_working_alloca_h=yes
am_cv_CC_dependencies_compiler_type=gcc3
am_cv_CXX_dependencies_compiler_type=gcc3
am_cv_make_support_nested_variables=yes
am_cv_prog_cc_c_o=yes
am_cv_prog_tar_ustar=gnutar
ax_cv_cppunit=yes
ax_cv_cxx_compile_cxx14__std_cpp14=yes
lt_cv_ar_at_file=@
lt_cv_archive_cmds_need_lc=no
lt_cv_deplibs_check_method=pass_all
lt_cv_file_magic_cmd='$MAGIC_CMD'
lt_cv_file_magic_test_file=
lt_cv_ld_reload_flag=-r
lt_cv_nm_interface='BSD nm'
lt_cv_objdir=.libs
lt_cv_path_LD=/usr/bin/ld
lt_cv_path_LDCXX='/usr/bin/ld -m elf_x86_64'
lt_cv_path_NM='/usr/bin/nm -B'
lt_cv_path_mainfest_tool=no
lt_cv_prog_compiler_c_o=yes
lt_cv_prog_compiler_c_o_CXX=yes
lt_cv_prog_compiler_pic='-fPIC -DPIC'
lt_cv_prog_compiler_pic_CXX='-fPIC -DPIC'
lt_cv_prog_compiler_pic_works=yes
lt_cv_prog_compiler_pic_works_CXX=yes
lt_cv_prog_compiler_rtti_exceptions=no
lt_cv_prog_compiler_static_works=yes
lt_cv_prog_compiler_static_works_CXX=yes
lt_cv_prog_gnu_ld=yes
lt_cv_prog_gnu_ldcxx=yes
lt_cv_sharedlib_from_linklib_cmd='printf %s\n'
lt_cv_shlibpath_overrides_runpath=yes
lt_cv_sys_global_symbol_pipe='sed -n -e '\''s/^.*[	 ]\([ABCDGIRSTW][ABCDGIRSTW]*\)[	 ][	 ]*\([_A-Za-z][_A-Za-z0-9]*\)$/\1 \2 \2/p'\'' | sed '\''/ __gnu_lto/d'\'''
lt_cv_sys_global_symbol_to_c_name_address='sed -n -e '\''s/^: \(.*\) .*$/  {"\1", (void *) 0},/p'\'' -e '\''s/^[ABCDGIRSTW][ABCDGIRSTW]* .* \(.*\)$/  {"\1", (void *) \&\1},/p'\'''
lt_cv_sys_global_symbol_to_c_name_address_lib_prefix='sed -n -e '\''s/^: \(.*\) .*$/  {"\1", (void *) 0},/p'\'' -e '\''s/^[ABCDGIRSTW][ABCDGIRSTW]* .* \(lib.*\)$/  {"\1", (void *) \&\1},/p'\'' -e '\''s/^[ABCDGIRSTW][ABCDGIRSTW]* .* \(.*\)$/  {"lib\1", (void *) \&\1},/p'\'''
lt_cv_sys_global_symbol_to_cdecl='sed -n -e '\''s/^T .* \(.*\)$/extern int \1();/p'\'' -e '\''s/^[ABCDGIRSTW][ABCDGIRSTW]* .* \(.*\)$/extern char \1;/p'\'''
lt_cv_sys_global_symbol_to_import=
lt_cv_sys_max_cmd_len=1572864
lt_cv_to_host_file_cmd=func_convert_file_noop
lt_cv_to_tool_file_cmd=func_convert_file_noop
lt_cv_truncate_bin='/usr/bin/dd bs=4096 count=1'
pkg_cv_CPPUNIT_CFLAGS=
pkg_cv_CPPUNIT_LIBS='-lcppunit '
pkg_cv_SQLITE3_CFLAGS=
pkg_cv_SQLITE3_LIBS='-lsqlite3 '

## ----------------- ##
## Output variables. ##
## ----------------- ##

ACLOCAL='${SHELL} /home/lordyesta/Projects/pytsk/sleuthkit/config/missing aclocal-1.16'
ALLOCA=''
AMDEPBACKSLASH='\'
AMDEP_FALSE='#'
AMDEP_TRUE=''
AMTAR='$${TAR-tar}'
AM_BACKSLASH='\'
AM_CFLAGS='-Wall -Wextra -Wno-unused-parameter'
AM_CXXFLAGS='-Wall -Wextra -Wno-unused-parameter'
AM_DEFAULT_V='$(AM_DEFAULT_VERBOSITY)'
AM_DEFAULT_VERBOSITY='1'
AM_V='$(V)'
ANT_FOUND=''
AR='ar'
AUTOCONF='${SHELL} /home/lordyesta/Projects/pytsk/sleuthkit/config/missing autoconf'
AUTOHEADER='${SHELL} /home/lordyesta/Projects/pytsk/sleuthkit/config/missing autoheader'
AUTOMAKE='${SHELL} /home/lordyesta/Projects/pytsk/sleuthkit/config/missing automake-1.16'
AWK='gawk'
AX_PACKAGE_REQUIRES=' '
AX_PACKAGE_REQUIRES_PRIVATE=' sqlite3'
CC='gcc'
CCDEPMODE='depmode=gcc3'
CFLAGS='-g -O2 '
CPP='gcc -E'
CPPFLAGS='  -I/usr/local/include'
CPPUNIT_CFLAGS=''
CPPUNIT_CONFIG='no'
CPPUNIT_FALSE=''
CPPUNIT_LIBS='-lcppunit '
CPPUNIT_TRUE='#'
CXX='g++ -std=c++14'
CXXCPP='g++ -E -std=c++14'
CXXDEPMODE='depmode=gcc3'
CXXFLAGS='-g -O2 '
CYGPATH_W='echo'
DEFS='-DHAVE_CONFIG_H'
DEPDIR='.deps'
DLLTOOL='false'
DSYMUTIL=''
DUMPBIN=''
ECHO_C=''
ECHO_N='-n'
ECHO_T=''
EGREP='/usr/bin/grep -E'
EWF_CFLAGS=''
EWF_LIBS=''
EXEEXT=''
FGREP='/usr/bin/grep -F'
GREP='/usr/bin/grep'
HAVE_CPPUNIT_FALSE='#'
HAVE_CPPUNIT_TRUE=''
HAVE_CXX14='1'
HAVE_LIBSQLITE3_FALSE='#'
HAVE_LIBSQLITE3_TRUE=''
IGNORE='  cppunit >= 1.12.1'
INSTALL_DATA='${INSTALL} -m 644'
INSTALL_PROGRAM='${INSTALL}'
INSTALL_SCRIPT='${INSTALL}'
INSTALL_STRIP_PROGRAM='$(install_sh) -c -s'
JAVA=''
JAVAC=''
JNI_CPPFLAGS=''
LD='/usr/bin/ld -m elf_x86_64'
LDFLAGS='  -L/usr/local/lib'
LIBOBJS=''
LIBS='-lsqlite3 -ldl -lstdc++  -lsqlite3 '
LIBTOOL='$(SHELL) $(top_builddir)/libtool'
LIBTSK_LDFLAGS=''
LIPO=''
LN_S='ln -s'
LTLIBOBJS=''
LT_SYS_LIBRARY_PATH=''
MAINT='#'
MAINTAINER_MODE_FALSE=''
MAINTAINER_MODE_TRUE='#'
MAKEINFO='${SHELL} /home/lordyesta/Projects/pytsk/sleuthkit/config/missing makeinfo'
MANIFEST_TOOL=':'
MKDIR_P='/usr/bin/mkdir -p'
NM='/usr/bin/nm -B'
NMEDIT=''
OBJDUMP='objdump'
OBJEXT='o'
OFFLINE_FALSE=''
OFFLINE_TRUE='#'
OTOOL64=''
OTOOL=''
PACKAGE='sleuthkit'
PACKAGE_BUGREPORT=''
PACKAGE_LIBS_PRIVATE=' -lsqlite3'
PACKAGE_NAME='sleuthkit'
PACKAGE_STRING='sleuthkit 4.11.1'
PACKAGE_TARNAME='sleuthkit'
PACKAGE_URL=''
PACKAGE_VERSION='4.11.1'
PATH_SEPARATOR=':'
PERL='/usr/bin/perl'
PKGCONFIG='yes'
PKG_CONFIG='/usr/bin/pkg-config'
PKG_CONFIG_LIBDIR=''
PKG_CONFIG_PATH=''
PTHREAD_CC='gcc'
PTHREAD_CFLAGS=''
PTHREAD_LIBS=''
RANLIB='ranlib'
SED='/usr/bin/sed'
SET_MAKE=''
SHELL='/bin/sh'
SQLITE3_CFLAGS=''
SQLITE3_LIBS='-lsqlite3 '
STRIP='strip'
VERSION='4.11.1'
VHDI_CFLAGS=''
VHDI_LIBS=''
VMDK_CFLAGS=''
VMDK_LIBS=''
X_JNI_FALSE=''
X_JNI_TRUE='#'
ZLIB_CFLAGS=''
ZLIB_LIBS=''
_ACJNI_JAVAC=''
ac_ct_AR='ar'
ac_ct_CC='gcc'
ac_ct_CXX='g++'
ac_ct_DUMPBIN=''
am__EXEEXT_FALSE=''
am__EXEEXT_TRUE='#'
am__fastdepCC_FALSE='#'
am__fastdepCC_TRUE=''
am__fastdepCXX_FALSE='#'
am__fastdepCXX_TRUE=''
am__include='include'
am__isrc=''
am__leading_dot='.'
am__nodep='_no'
am__quote=''
am__tar='tar --format=ustar -chf - "$$tardir"'
am__untar='tar -xf -'
ax_pthread_config=''
bindir='${exec_prefix}/bin'
build='x86_64-pc-linux-gnu'
build_alias=''
build_cpu='x86_64'
build_os='linux-gnu'
build_vendor='pc'
datadir='${datarootdir}'
datarootdir='${prefix}/share'
docdir='${datarootdir}/doc/${PACKAGE_TARNAME}'
dvidir='${docdir}'
exec_prefix='${prefix}'
host='x86_64-pc-linux-gnu'
host_alias=''
host_cpu='x86_64'
host_os='linux-gnu'
host_vendor='pc'
htmldir='${docdir}'
includedir='${prefix}/include'
infodir='${datarootdir}/info'
install_sh='${SHELL} /home/lordyesta/Projects/pytsk/sleuthkit/config/install-sh'
libdir='${exec_prefix}/lib'
libexecdir='${exec_prefix}/libexec'
localedir='${datarootdir}/locale'
localstatedir='${prefix}/var'
mandir='${datarootdir}/man'
mkdir_p='$(MKDIR_P)'
oldincludedir='/usr/include'
pdfdir='${docdir}'
prefix='/usr/local'
program_transform_name='s,x,x,'
psdir='${docdir}'
runstatedir='${localstatedir}/run'
sbindir='${exec_prefix}/sbin'
sharedstatedir='${prefix}/com'
sysconfdir='${prefix}/etc'
target_alias=''
uudecode=''

## ----------- ##
## confdefs.h. ##
## ----------- ##

/* confdefs.h */
#define PACKAGE_NAME "sleuthkit"
#define PACKAGE_TARNAME "sleuthkit"
#define PACKAGE_VERSION "4.11.1"
#define PACKAGE_STRING "sleuthkit 4.11.1"
#define PACKAGE_BUGREPORT ""
#define PACKAGE_URL ""
#define PACKAGE "sleuthkit"
#define VERSION "4.11.1"
#define STDC_HEADERS 1
#define HAVE_SYS_TYPES_H 1
#define HAVE_SYS_STAT_H 1
#define HAVE_STDLIB_H 1
#define HAVE_STRING_H 1
#define HAVE_MEMORY_H 1
#define HAVE_STRINGS_H 1
#define HAVE_INTTYPES_H 1
#define HAVE_STDINT_H 1
#define HAVE_UNISTD_H 1
#define HAVE_DLFCN_H 1
#define LT_OBJDIR ".libs/"
#define HAVE_CXX14 1
#define STDC_HEADERS 1
#define HAVE_ERR_H 1
#define HAVE_INTTYPES_H 1
#define HAVE_UNISTD_H 1
#define HAVE_STDINT_H 1
#define HAVE_SYS_PARAM_H 1
#define HAVE_SYS_RESOURCE_H 1
#define HAVE__BOOL 1
#define HAVE_STDBOOL_H 1
#define HAVE_ALLOCA_H 1
#define HAVE_ALLOCA 1
#define HAVE_FSEEKO 1
#define LSTAT_FOLLOWS_SLASHED_SYMLINK 1
#define LSTAT_FOLLOWS_SLASHED_SYMLINK 1
#define HAVE_SYS_SELECT_H 1
#define HAVE_SYS_SOCKET_H 1
#define SELECT_TYPE_ARG1 int
#define SELECT_TYPE_ARG234 (fd_set *)
#define SELECT_TYPE_ARG5 (struct timeval *)
#define HAVE_UTIME_H 1
#define HAVE_UTIME_NULL 1
#define HAVE_VPRINTF 1
#define HAVE_ERR 1
#define HAVE_ERRX 1
#define HAVE_WARN 1
#define HAVE_WARNX 1
#define HAVE_VASPRINTF 1
#define HAVE_GETRUSAGE 1
#define HAVE_PTHREAD 1
#define HAVE_LIBSTDC__ 1
#define HAVE_LIBDL 1
#define HAVE_SQLITE3_H 1
#define HAVE_LIBSQLITE3 1
#define HAVE_GETLINE 1

configure: exit 0
